
 N E X T F L O W   ~  version 24.04.4

Launching `/app/workflows_user/feature_based_molecular_networking_workflow/nf_workflow.nf` [modest_carlsson] DSL2 - revision: 4f081d111f

[-        ] filesummary                    -
[-        ] qua…fication_table_reformatted -
[-        ] filter_spectra                 -
[-        ] librarySearchData              -
[-        ] librarymergeResults            -
[-        ] summaryLibrary                 -
[-        ] librarygetGNPSAnnotations      -
[-        ] networkingGNPSPrepParams       -
[-        ] calculatePairs                 -
[-        ] filterNetwork                  -
[-        ] createMetadataFile             -
[-        ] calculateGroupings             -
[-        ] enrichClusterSummary           -
[-        ] createNetworkGraphML           -
[-        ] createTallRawData              -
[-        ] createMztabOutput              -

[-        ] filesummary                    | 0 of 1
[-        ] qua…fication_table_reformatted -
[-        ] filter_spectra                 -
[-        ] librarySearchData              -
[-        ] librarymergeResults            -
[-        ] summaryLibrary                 | 0 of 5
[-        ] librarygetGNPSAnnotations      -
[-        ] networkingGNPSPrepParams       -
[-        ] calculatePairs                 -
[-        ] filterNetwork                  -
[-        ] createMetadataFile             -
[-        ] calculateGroupings             -
[-        ] enrichClusterSummary           -
[-        ] createNetworkGraphML           -
[-        ] createTallRawData              -
[-        ] createMztabOutput              -

executor >  slurm (3)
[-        ] filesummary                    | 0 of 1
[-        ] qua…fication_table_reformatted | 0 of 1
[-        ] filter_spectra                 -
[-        ] librarySearchData              -
[-        ] librarymergeResults            -
[0e/d05c8c] summaryLibrary (2)             | 0 of 75
[-        ] librarygetGNPSAnnotations      -
[-        ] networkingGNPSPrepParams       -
[-        ] calculatePairs                 -
[-        ] filterNetwork                  -
[-        ] createMetadataFile             | 0 of 1
[-        ] calculateGroupings             -
[-        ] enrichClusterSummary           -
[-        ] createNetworkGraphML           -
[-        ] createTallRawData              -
[-        ] createMztabOutput              -

executor >  slurm (12)
[9d/d96933] filesummary (1)                | 0 of 1
[ad/2e6799] qua…tion_table_reformatted (1) | 0 of 1
[-        ] filter_spectra                 -
[-        ] librarySearchData              -
[-        ] librarymergeResults            -
[e1/bddb57] summaryLibrary (13)            | 0 of 75
[-        ] librarygetGNPSAnnotations      -
[-        ] networkingGNPSPrepParams       -
[-        ] calculatePairs                 -
[-        ] filterNetwork                  -
[-        ] createMetadataFile             | 0 of 1
[-        ] calculateGroupings             -
[-        ] enrichClusterSummary           -
[-        ] createNetworkGraphML           -
[-        ] createTallRawData              -
[-        ] createMztabOutput              -

executor >  slurm (19)
[9d/d96933] filesummary (1)                | 0 of 1
[ad/2e6799] qua…tion_table_reformatted (1) | 0 of 1
[-        ] filter_spectra                 -
[-        ] librarySearchData              -
[-        ] librarymergeResults            -
[28/1e8373] summaryLibrary (16)            | 0 of 75
[-        ] librarygetGNPSAnnotations      -
[-        ] networkingGNPSPrepParams       -
[-        ] calculatePairs                 -
[-        ] filterNetwork                  -
[cc/5f56be] createMetadataFile             | 0 of 1
[-        ] calculateGroupings             -
[-        ] enrichClusterSummary           -
[-        ] createNetworkGraphML           -
[-        ] createTallRawData              -
[-        ] createMztabOutput              -

executor >  slurm (23)
[9d/d96933] filesummary (1)                | 1 of 1 ✔
[ad/2e6799] qua…tion_table_reformatted (1) | 0 of 1
[-        ] filter_spectra                 -
[-        ] librarySearchData              -
[-        ] librarymergeResults            -
[07/094385] summaryLibrary (20)            | 10 of 75
[-        ] librarygetGNPSAnnotations      -
[-        ] networkingGNPSPrepParams       -
[-        ] calculatePairs                 -
[-        ] filterNetwork                  -
[cc/5f56be] createMetadataFile             | 1 of 1 ✔
[-        ] calculateGroupings             -
[-        ] enrichClusterSummary           -
[-        ] createNetworkGraphML           -
[-        ] createTallRawData              -
[-        ] createMztabOutput              -

executor >  slurm (29)
[9d/d96933] filesummary (1)                | 1 of 1 ✔
[ad/2e6799] qua…tion_table_reformatted (1) | 1 of 1 ✔
[-        ] filter_spectra                 | 0 of 1
[-        ] librarySearchData              -
[-        ] librarymergeResults            -
[eb/f0afa9] summaryLibrary (26)            | 10 of 75
[-        ] librarygetGNPSAnnotations      -
[-        ] networkingGNPSPrepParams       -
[-        ] calculatePairs                 -
[-        ] filterNetwork                  -
[cc/5f56be] createMetadataFile             | 1 of 1 ✔
[-        ] calculateGroupings             | 0 of 1
[-        ] enrichClusterSummary           -
[-        ] createNetworkGraphML           -
[-        ] createTallRawData              | 0 of 1
[-        ] createMztabOutput              -

executor >  slurm (32)
[9d/d96933] filesummary (1)                | 1 of 1 ✔
[ad/2e6799] qua…tion_table_reformatted (1) | 1 of 1 ✔
[04/5554ee] filter_spectra (1)             | 0 of 1
[-        ] librarySearchData              -
[-        ] librarymergeResults            -
[eb/f0afa9] summaryLibrary (26)            | 10 of 75
[-        ] librarygetGNPSAnnotations      -
[-        ] networkingGNPSPrepParams       -
[-        ] calculatePairs                 -
[-        ] filterNetwork                  -
[cc/5f56be] createMetadataFile             | 1 of 1 ✔
[8d/c13ff4] calculateGroupings (1)         | 0 of 1
[-        ] enrichClusterSummary           -
[-        ] createNetworkGraphML           -
[7d/0a43e5] createTallRawData (1)          | 0 of 1
[-        ] createMztabOutput              -

executor >  slurm (36)
[9d/d96933] filesummary (1)                | 1 of 1 ✔
[ad/2e6799] qua…tion_table_reformatted (1) | 1 of 1 ✔
[04/5554ee] filter_spectra (1)             | 1 of 1 ✔
[-        ] librarySearchData              | 0 of 19
[-        ] librarymergeResults            -
[1b/014a71] summaryLibrary (29)            | 20 of 75
[-        ] librarygetGNPSAnnotations      -
[-        ] networkingGNPSPrepParams       | 0 of 1
[-        ] calculatePairs                 -
[-        ] filterNetwork                  -
[cc/5f56be] createMetadataFile             | 1 of 1 ✔
[8d/c13ff4] calculateGroupings (1)         | 0 of 1
[-        ] enrichClusterSummary           -
[-        ] createNetworkGraphML           -
[7d/0a43e5] createTallRawData (1)          | 1 of 1 ✔
[-        ] createMztabOutput              -

executor >  slurm (43)
[9d/d96933] filesummary (1)                | 1 of 1 ✔
[ad/2e6799] qua…tion_table_reformatted (1) | 1 of 1 ✔
[04/5554ee] filter_spectra (1)             | 1 of 1 ✔
[-        ] librarySearchData              | 0 of 75
[-        ] librarymergeResults            -
[d4/0c1f0b] summaryLibrary (36)            | 20 of 75
[-        ] librarygetGNPSAnnotations      -
[82/7713cc] networkingGNPSPrepParams (1)   | 0 of 1
[-        ] calculatePairs                 -
[-        ] filterNetwork                  -
[cc/5f56be] createMetadataFile             | 1 of 1 ✔
[8d/c13ff4] calculateGroupings (1)         | 0 of 1
[-        ] enrichClusterSummary           -
[-        ] createNetworkGraphML           -
[7d/0a43e5] createTallRawData (1)          | 1 of 1 ✔
[-        ] createMztabOutput              -

executor >  slurm (52)
[9d/d96933] filesummary (1)                | 1 of 1 ✔
[ad/2e6799] qua…tion_table_reformatted (1) | 1 of 1 ✔
[04/5554ee] filter_spectra (1)             | 1 of 1 ✔
[f8/b8639d] librarySearchData (13)         | 0 of 75
[-        ] librarymergeResults            -
[d4/0c1f0b] summaryLibrary (36)            | 20 of 75
[-        ] librarygetGNPSAnnotations      -
[82/7713cc] networkingGNPSPrepParams (1)   | 0 of 1
[-        ] calculatePairs                 -
[-        ] filterNetwork                  -
[cc/5f56be] createMetadataFile             | 1 of 1 ✔
[8d/c13ff4] calculateGroupings (1)         | 0 of 1
[-        ] enrichClusterSummary           -
[-        ] createNetworkGraphML           -
[7d/0a43e5] createTallRawData (1)          | 1 of 1 ✔
[-        ] createMztabOutput              -

executor >  slurm (59)
[9d/d96933] filesummary (1)                | 1 of 1 ✔
[ad/2e6799] qua…tion_table_reformatted (1) | 1 of 1 ✔
[04/5554ee] filter_spectra (1)             | 1 of 1 ✔
[5c/61b27c] librarySearchData (4)          | 0 of 75
[-        ] librarymergeResults            -
[d4/0c1f0b] summaryLibrary (36)            | 20 of 75
[-        ] librarygetGNPSAnnotations      -
[82/7713cc] networkingGNPSPrepParams (1)   | 0 of 1
[-        ] calculatePairs                 -
[-        ] filterNetwork                  -
[cc/5f56be] createMetadataFile             | 1 of 1 ✔
[8d/c13ff4] calculateGroupings (1)         | 0 of 1
[-        ] enrichClusterSummary           -
[-        ] createNetworkGraphML           -
[7d/0a43e5] createTallRawData (1)          | 1 of 1 ✔
[-        ] createMztabOutput              -

executor >  slurm (65)
[9d/d96933] filesummary (1)                | 1 of 1 ✔
[ad/2e6799] qua…tion_table_reformatted (1) | 1 of 1 ✔
[04/5554ee] filter_spectra (1)             | 1 of 1 ✔
[f7/4a8185] librarySearchData (8)          | 5 of 75
[-        ] librarymergeResults            -
[92/2d8773] summaryLibrary (42)            | 31 of 75
[-        ] librarygetGNPSAnnotations      -
[82/7713cc] networkingGNPSPrepParams (1)   | 1 of 1 ✔
[-        ] calculatePairs                 | 0 of 1
[-        ] filterNetwork                  -
[cc/5f56be] createMetadataFile             | 1 of 1 ✔
[8d/c13ff4] calculateGroupings (1)         | 1 of 1 ✔
[-        ] enrichClusterSummary           -
[-        ] createNetworkGraphML           -
[7d/0a43e5] createTallRawData (1)          | 1 of 1 ✔
[-        ] createMztabOutput              -

executor >  slurm (72)
[9d/d96933] filesummary (1)                | 1 of 1 ✔
[ad/2e6799] qua…tion_table_reformatted (1) | 1 of 1 ✔
[04/5554ee] filter_spectra (1)             | 1 of 1 ✔
[89/87c096] librarySearchData (17)         | 5 of 75
[-        ] librarymergeResults            -
[4e/8c0356] summaryLibrary (47)            | 31 of 75
[-        ] librarygetGNPSAnnotations      -
[82/7713cc] networkingGNPSPrepParams (1)   | 1 of 1 ✔
[-        ] calculatePairs                 | 0 of 1
[-        ] filterNetwork                  -
[cc/5f56be] createMetadataFile             | 1 of 1 ✔
[8d/c13ff4] calculateGroupings (1)         | 1 of 1 ✔
[-        ] enrichClusterSummary           -
[-        ] createNetworkGraphML           -
[7d/0a43e5] createTallRawData (1)          | 1 of 1 ✔
[-        ] createMztabOutput              -

executor >  slurm (76)
[9d/d96933] filesummary (1)                | 1 of 1 ✔
[ad/2e6799] qua…tion_table_reformatted (1) | 1 of 1 ✔
[04/5554ee] filter_spectra (1)             | 1 of 1 ✔
[59/e22321] librarySearchData (21)         | 5 of 75
[-        ] librarymergeResults            -
[4e/8c0356] summaryLibrary (47)            | 31 of 75
[-        ] librarygetGNPSAnnotations      -
[82/7713cc] networkingGNPSPrepParams (1)   | 1 of 1 ✔
[f6/18c970] calculatePairs (1)             | 0 of 1
[-        ] filterNetwork                  -
[cc/5f56be] createMetadataFile             | 1 of 1 ✔
[8d/c13ff4] calculateGroupings (1)         | 1 of 1 ✔
[-        ] enrichClusterSummary           -
[-        ] createNetworkGraphML           -
[7d/0a43e5] createTallRawData (1)          | 1 of 1 ✔
[-        ] createMztabOutput              -

executor >  slurm (85)
[9d/d96933] filesummary (1)                | 1 of 1 ✔
[ad/2e6799] qua…tion_table_reformatted (1) | 1 of 1 ✔
[04/5554ee] filter_spectra (1)             | 1 of 1 ✔
[89/87c096] librarySearchData (17)         | 12 of 75
[-        ] librarymergeResults            -
[23/21711a] summaryLibrary (56)            | 40 of 75
[-        ] librarygetGNPSAnnotations      -
[82/7713cc] networkingGNPSPrepParams (1)   | 1 of 1 ✔
[f6/18c970] calculatePairs (1)             | 0 of 1
[-        ] filterNetwork                  -
[cc/5f56be] createMetadataFile             | 1 of 1 ✔
[8d/c13ff4] calculateGroupings (1)         | 1 of 1 ✔
[-        ] enrichClusterSummary           -
[-        ] createNetworkGraphML           -
[7d/0a43e5] createTallRawData (1)          | 1 of 1 ✔
[-        ] createMztabOutput              -

executor >  slurm (92)
[9d/d96933] filesummary (1)                | 1 of 1 ✔
[ad/2e6799] qua…tion_table_reformatted (1) | 1 of 1 ✔
[04/5554ee] filter_spectra (1)             | 1 of 1 ✔
[79/6ebdee] librarySearchData (27)         | 12 of 75
[-        ] librarymergeResults            -
[23/21711a] summaryLibrary (56)            | 40 of 75
[-        ] librarygetGNPSAnnotations      -
[82/7713cc] networkingGNPSPrepParams (1)   | 1 of 1 ✔
[f6/18c970] calculatePairs (1)             | 0 of 1
[-        ] filterNetwork                  -
[cc/5f56be] createMetadataFile             | 1 of 1 ✔
[8d/c13ff4] calculateGroupings (1)         | 1 of 1 ✔
[-        ] enrichClusterSummary           -
[-        ] createNetworkGraphML           -
[7d/0a43e5] createTallRawData (1)          | 1 of 1 ✔
[-        ] createMztabOutput              -

executor >  slurm (92)
[9d/d96933] filesummary (1)                | 1 of 1 ✔
[ad/2e6799] qua…tion_table_reformatted (1) | 1 of 1 ✔
[04/5554ee] filter_spectra (1)             | 1 of 1 ✔
[20/7c0c8e] librarySearchData (6)          | 14 of 75
[-        ] librarymergeResults            -
[23/21711a] summaryLibrary (56)            | 40 of 75
[-        ] librarygetGNPSAnnotations      -
[82/7713cc] networkingGNPSPrepParams (1)   | 1 of 1 ✔
[f6/18c970] calculatePairs (1)             | 0 of 1
[-        ] filterNetwork                  -
[cc/5f56be] createMetadataFile             | 1 of 1 ✔
[8d/c13ff4] calculateGroupings (1)         | 1 of 1 ✔
[-        ] enrichClusterSummary           -
[-        ] createNetworkGraphML           -
[7d/0a43e5] createTallRawData (1)          | 1 of 1 ✔
[-        ] createMztabOutput              -

executor >  slurm (101)
[9d/d96933] filesummary (1)                | 1 of 1 ✔
[ad/2e6799] qua…tion_table_reformatted (1) | 1 of 1 ✔
[04/5554ee] filter_spectra (1)             | 1 of 1 ✔
[98/5edba8] librarySearchData (33)         | 18 of 75
[-        ] librarymergeResults            -
[24/491a8e] summaryLibrary (59)            | 49 of 75
[-        ] librarygetGNPSAnnotations      -
[82/7713cc] networkingGNPSPrepParams (1)   | 1 of 1 ✔
[f6/18c970] calculatePairs (1)             | 1 of 1 ✔
[-        ] filterNetwork                  | 0 of 1
[cc/5f56be] createMetadataFile             | 1 of 1 ✔
[8d/c13ff4] calculateGroupings (1)         | 1 of 1 ✔
[-        ] enrichClusterSummary           -
[-        ] createNetworkGraphML           -
[7d/0a43e5] createTallRawData (1)          | 1 of 1 ✔
[-        ] createMztabOutput              -

executor >  slurm (108)
[9d/d96933] filesummary (1)                | 1 of 1 ✔
[ad/2e6799] qua…tion_table_reformatted (1) | 1 of 1 ✔
[04/5554ee] filter_spectra (1)             | 1 of 1 ✔
[98/5edba8] librarySearchData (33)         | 18 of 75
[-        ] librarymergeResults            -
[61/64ce4b] summaryLibrary (65)            | 49 of 75
[-        ] librarygetGNPSAnnotations      -
[82/7713cc] networkingGNPSPrepParams (1)   | 1 of 1 ✔
[f6/18c970] calculatePairs (1)             | 1 of 1 ✔
[cf/ab0f40] filterNetwork (1)              | 0 of 1
[cc/5f56be] createMetadataFile             | 1 of 1 ✔
[8d/c13ff4] calculateGroupings (1)         | 1 of 1 ✔
[-        ] enrichClusterSummary           -
[-        ] createNetworkGraphML           -
[7d/0a43e5] createTallRawData (1)          | 1 of 1 ✔
[-        ] createMztabOutput              -

executor >  slurm (109)
[9d/d96933] filesummary (1)                | 1 of 1 ✔
[ad/2e6799] qua…tion_table_reformatted (1) | 1 of 1 ✔
[04/5554ee] filter_spectra (1)             | 1 of 1 ✔
[79/6ebdee] librarySearchData (27)         | 21 of 75
[-        ] librarymergeResults            -
[aa/0c6799] summaryLibrary (66)            | 54 of 75
[-        ] librarygetGNPSAnnotations      -
[82/7713cc] networkingGNPSPrepParams (1)   | 1 of 1 ✔
[f6/18c970] calculatePairs (1)             | 1 of 1 ✔
[cf/ab0f40] filterNetwork (1)              | 0 of 1
[cc/5f56be] createMetadataFile             | 1 of 1 ✔
[8d/c13ff4] calculateGroupings (1)         | 1 of 1 ✔
[-        ] enrichClusterSummary           -
[-        ] createNetworkGraphML           -
[7d/0a43e5] createTallRawData (1)          | 1 of 1 ✔
[-        ] createMztabOutput              -

executor >  slurm (118)
[9d/d96933] filesummary (1)                | 1 of 1 ✔
[ad/2e6799] qua…tion_table_reformatted (1) | 1 of 1 ✔
[04/5554ee] filter_spectra (1)             | 1 of 1 ✔
[98/5edba8] librarySearchData (33)         | 24 of 75
[-        ] librarymergeResults            -
[42/cad649] summaryLibrary (75)            | 61 of 75
[-        ] librarygetGNPSAnnotations      -
[82/7713cc] networkingGNPSPrepParams (1)   | 1 of 1 ✔
[f6/18c970] calculatePairs (1)             | 1 of 1 ✔
[cf/ab0f40] filterNetwork (1)              | 1 of 1 ✔
[cc/5f56be] createMetadataFile             | 1 of 1 ✔
[8d/c13ff4] calculateGroupings (1)         | 1 of 1 ✔
[-        ] enrichClusterSummary           -
[-        ] createNetworkGraphML           -
[7d/0a43e5] createTallRawData (1)          | 1 of 1 ✔
[-        ] createMztabOutput              -

executor >  slurm (124)
[9d/d96933] filesummary (1)                | 1 of 1 ✔
[ad/2e6799] qua…tion_table_reformatted (1) | 1 of 1 ✔
[04/5554ee] filter_spectra (1)             | 1 of 1 ✔
[27/f3e81a] librarySearchData (42)         | 24 of 75
[-        ] librarymergeResults            -
[42/cad649] summaryLibrary (75)            | 61 of 75
[-        ] librarygetGNPSAnnotations      -
[82/7713cc] networkingGNPSPrepParams (1)   | 1 of 1 ✔
[f6/18c970] calculatePairs (1)             | 1 of 1 ✔
[cf/ab0f40] filterNetwork (1)              | 1 of 1 ✔
[cc/5f56be] createMetadataFile             | 1 of 1 ✔
[8d/c13ff4] calculateGroupings (1)         | 1 of 1 ✔
[-        ] enrichClusterSummary           -
[-        ] createNetworkGraphML           -
[7d/0a43e5] createTallRawData (1)          | 1 of 1 ✔
[-        ] createMztabOutput              -

executor >  slurm (129)
[9d/d96933] filesummary (1)                | 1 of 1 ✔
[ad/2e6799] qua…tion_table_reformatted (1) | 1 of 1 ✔
[04/5554ee] filter_spectra (1)             | 1 of 1 ✔
[31/347b7e] librarySearchData (45)         | 29 of 75
[-        ] librarymergeResults            -
[42/cad649] summaryLibrary (75)            | 71 of 75
[-        ] librarygetGNPSAnnotations      -
[82/7713cc] networkingGNPSPrepParams (1)   | 1 of 1 ✔
[f6/18c970] calculatePairs (1)             | 1 of 1 ✔
[cf/ab0f40] filterNetwork (1)              | 1 of 1 ✔
[cc/5f56be] createMetadataFile             | 1 of 1 ✔
[8d/c13ff4] calculateGroupings (1)         | 1 of 1 ✔
[-        ] enrichClusterSummary           -
[-        ] createNetworkGraphML           -
[7d/0a43e5] createTallRawData (1)          | 1 of 1 ✔
[-        ] createMztabOutput              -

executor >  slurm (132)
[9d/d96933] filesummary (1)                | 1 of 1 ✔
[ad/2e6799] qua…tion_table_reformatted (1) | 1 of 1 ✔
[04/5554ee] filter_spectra (1)             | 1 of 1 ✔
[6b/8dead3] librarySearchData (57)         | 34 of 75
[-        ] librarymergeResults            -
[50/8eaf44] summaryLibrary (68)            | 74 of 75
[-        ] librarygetGNPSAnnotations      -
[82/7713cc] networkingGNPSPrepParams (1)   | 1 of 1 ✔
[f6/18c970] calculatePairs (1)             | 1 of 1 ✔
[cf/ab0f40] filterNetwork (1)              | 1 of 1 ✔
[cc/5f56be] createMetadataFile             | 1 of 1 ✔
[8d/c13ff4] calculateGroupings (1)         | 1 of 1 ✔
[-        ] enrichClusterSummary           -
[-        ] createNetworkGraphML           -
[7d/0a43e5] createTallRawData (1)          | 1 of 1 ✔
[-        ] createMztabOutput              -

executor >  slurm (134)
[9d/d96933] filesummary (1)                | 1 of 1 ✔
[ad/2e6799] qua…tion_table_reformatted (1) | 1 of 1 ✔
[04/5554ee] filter_spectra (1)             | 1 of 1 ✔
[0a/ceb11b] librarySearchData (50)         | 34 of 75
[-        ] librarymergeResults            -
[50/8eaf44] summaryLibrary (68)            | 74 of 75
[-        ] librarygetGNPSAnnotations      -
[82/7713cc] networkingGNPSPrepParams (1)   | 1 of 1 ✔
[f6/18c970] calculatePairs (1)             | 1 of 1 ✔
[cf/ab0f40] filterNetwork (1)              | 1 of 1 ✔
[cc/5f56be] createMetadataFile             | 1 of 1 ✔
[8d/c13ff4] calculateGroupings (1)         | 1 of 1 ✔
[-        ] enrichClusterSummary           -
[-        ] createNetworkGraphML           -
[7d/0a43e5] createTallRawData (1)          | 1 of 1 ✔
[-        ] createMztabOutput              -

executor >  slurm (137)
[9d/d96933] filesummary (1)                | 1 of 1 ✔
[ad/2e6799] qua…tion_table_reformatted (1) | 1 of 1 ✔
[04/5554ee] filter_spectra (1)             | 1 of 1 ✔
[64/f650c8] librarySearchData (52)         | 37 of 75
[-        ] librarymergeResults            -
[ec/3d6cf3] summaryLibrary (40)            | 75 of 75 ✔
[-        ] librarygetGNPSAnnotations      -
[82/7713cc] networkingGNPSPrepParams (1)   | 1 of 1 ✔
[f6/18c970] calculatePairs (1)             | 1 of 1 ✔
[cf/ab0f40] filterNetwork (1)              | 1 of 1 ✔
[cc/5f56be] createMetadataFile             | 1 of 1 ✔
[8d/c13ff4] calculateGroupings (1)         | 1 of 1 ✔
[-        ] enrichClusterSummary           -
[-        ] createNetworkGraphML           -
[7d/0a43e5] createTallRawData (1)          | 1 of 1 ✔
[-        ] createMztabOutput              -

executor >  slurm (138)
[9d/d96933] filesummary (1)                | 1 of 1 ✔
[ad/2e6799] qua…tion_table_reformatted (1) | 1 of 1 ✔
[04/5554ee] filter_spectra (1)             | 1 of 1 ✔
[ed/8f41b1] librarySearchData (53)         | 40 of 75
[-        ] librarymergeResults            -
[ec/3d6cf3] summaryLibrary (40)            | 75 of 75 ✔
[-        ] librarygetGNPSAnnotations      -
[82/7713cc] networkingGNPSPrepParams (1)   | 1 of 1 ✔
[f6/18c970] calculatePairs (1)             | 1 of 1 ✔
[cf/ab0f40] filterNetwork (1)              | 1 of 1 ✔
[cc/5f56be] createMetadataFile             | 1 of 1 ✔
[8d/c13ff4] calculateGroupings (1)         | 1 of 1 ✔
[-        ] enrichClusterSummary           -
[-        ] createNetworkGraphML           -
[7d/0a43e5] createTallRawData (1)          | 1 of 1 ✔
[-        ] createMztabOutput              -

executor >  slurm (140)
[9d/d96933] filesummary (1)                | 1 of 1 ✔
[ad/2e6799] qua…tion_table_reformatted (1) | 1 of 1 ✔
[04/5554ee] filter_spectra (1)             | 1 of 1 ✔
[ce/54192c] librarySearchData (54)         | 40 of 75
[-        ] librarymergeResults            -
[ec/3d6cf3] summaryLibrary (40)            | 75 of 75 ✔
[-        ] librarygetGNPSAnnotations      -
[82/7713cc] networkingGNPSPrepParams (1)   | 1 of 1 ✔
[f6/18c970] calculatePairs (1)             | 1 of 1 ✔
[cf/ab0f40] filterNetwork (1)              | 1 of 1 ✔
[cc/5f56be] createMetadataFile             | 1 of 1 ✔
[8d/c13ff4] calculateGroupings (1)         | 1 of 1 ✔
[-        ] enrichClusterSummary           -
[-        ] createNetworkGraphML           -
[7d/0a43e5] createTallRawData (1)          | 1 of 1 ✔
[-        ] createMztabOutput              -

executor >  slurm (142)
[9d/d96933] filesummary (1)                | 1 of 1 ✔
[ad/2e6799] qua…tion_table_reformatted (1) | 1 of 1 ✔
[04/5554ee] filter_spectra (1)             | 1 of 1 ✔
[ec/c72f28] librarySearchData (60)         | 47 of 75
[-        ] librarymergeResults            -
[ec/3d6cf3] summaryLibrary (40)            | 75 of 75 ✔
[-        ] librarygetGNPSAnnotations      -
[82/7713cc] networkingGNPSPrepParams (1)   | 1 of 1 ✔
[f6/18c970] calculatePairs (1)             | 1 of 1 ✔
[cf/ab0f40] filterNetwork (1)              | 1 of 1 ✔
[cc/5f56be] createMetadataFile             | 1 of 1 ✔
[8d/c13ff4] calculateGroupings (1)         | 1 of 1 ✔
[-        ] enrichClusterSummary           -
[-        ] createNetworkGraphML           -
[7d/0a43e5] createTallRawData (1)          | 1 of 1 ✔
[-        ] createMztabOutput              -

executor >  slurm (147)
[9d/d96933] filesummary (1)                | 1 of 1 ✔
[ad/2e6799] qua…tion_table_reformatted (1) | 1 of 1 ✔
[04/5554ee] filter_spectra (1)             | 1 of 1 ✔
[a5/69cf0e] librarySearchData (63)         | 47 of 75
[-        ] librarymergeResults            -
[ec/3d6cf3] summaryLibrary (40)            | 75 of 75 ✔
[-        ] librarygetGNPSAnnotations      -
[82/7713cc] networkingGNPSPrepParams (1)   | 1 of 1 ✔
[f6/18c970] calculatePairs (1)             | 1 of 1 ✔
[cf/ab0f40] filterNetwork (1)              | 1 of 1 ✔
[cc/5f56be] createMetadataFile             | 1 of 1 ✔
[8d/c13ff4] calculateGroupings (1)         | 1 of 1 ✔
[-        ] enrichClusterSummary           -
[-        ] createNetworkGraphML           -
[7d/0a43e5] createTallRawData (1)          | 1 of 1 ✔
[-        ] createMztabOutput              -

executor >  slurm (149)
[9d/d96933] filesummary (1)                | 1 of 1 ✔
[ad/2e6799] qua…tion_table_reformatted (1) | 1 of 1 ✔
[04/5554ee] filter_spectra (1)             | 1 of 1 ✔
[ae/fec942] librarySearchData (65)         | 54 of 75
[-        ] librarymergeResults            -
[ec/3d6cf3] summaryLibrary (40)            | 75 of 75 ✔
[-        ] librarygetGNPSAnnotations      -
[82/7713cc] networkingGNPSPrepParams (1)   | 1 of 1 ✔
[f6/18c970] calculatePairs (1)             | 1 of 1 ✔
[cf/ab0f40] filterNetwork (1)              | 1 of 1 ✔
[cc/5f56be] createMetadataFile             | 1 of 1 ✔
[8d/c13ff4] calculateGroupings (1)         | 1 of 1 ✔
[-        ] enrichClusterSummary           -
[-        ] createNetworkGraphML           -
[7d/0a43e5] createTallRawData (1)          | 1 of 1 ✔
[-        ] createMztabOutput              -

executor >  slurm (154)
[9d/d96933] filesummary (1)                | 1 of 1 ✔
[ad/2e6799] qua…tion_table_reformatted (1) | 1 of 1 ✔
[04/5554ee] filter_spectra (1)             | 1 of 1 ✔
[8f/935144] librarySearchData (70)         | 54 of 75
[-        ] librarymergeResults            -
[ec/3d6cf3] summaryLibrary (40)            | 75 of 75 ✔
[-        ] librarygetGNPSAnnotations      -
[82/7713cc] networkingGNPSPrepParams (1)   | 1 of 1 ✔
[f6/18c970] calculatePairs (1)             | 1 of 1 ✔
[cf/ab0f40] filterNetwork (1)              | 1 of 1 ✔
[cc/5f56be] createMetadataFile             | 1 of 1 ✔
[8d/c13ff4] calculateGroupings (1)         | 1 of 1 ✔
[-        ] enrichClusterSummary           -
[-        ] createNetworkGraphML           -
[7d/0a43e5] createTallRawData (1)          | 1 of 1 ✔
[-        ] createMztabOutput              -

executor >  slurm (157)
[9d/d96933] filesummary (1)                | 1 of 1 ✔
[ad/2e6799] qua…tion_table_reformatted (1) | 1 of 1 ✔
[04/5554ee] filter_spectra (1)             | 1 of 1 ✔
[6d/1191be] librarySearchData (73)         | 62 of 75
[-        ] librarymergeResults            -
[ec/3d6cf3] summaryLibrary (40)            | 75 of 75 ✔
[-        ] librarygetGNPSAnnotations      -
[82/7713cc] networkingGNPSPrepParams (1)   | 1 of 1 ✔
[f6/18c970] calculatePairs (1)             | 1 of 1 ✔
[cf/ab0f40] filterNetwork (1)              | 1 of 1 ✔
[cc/5f56be] createMetadataFile             | 1 of 1 ✔
[8d/c13ff4] calculateGroupings (1)         | 1 of 1 ✔
[-        ] enrichClusterSummary           -
[-        ] createNetworkGraphML           -
[7d/0a43e5] createTallRawData (1)          | 1 of 1 ✔
[-        ] createMztabOutput              -

executor >  slurm (159)
[9d/d96933] filesummary (1)                | 1 of 1 ✔
[ad/2e6799] qua…tion_table_reformatted (1) | 1 of 1 ✔
[04/5554ee] filter_spectra (1)             | 1 of 1 ✔
[83/f728e3] librarySearchData (75)         | 62 of 75
[-        ] librarymergeResults            -
[ec/3d6cf3] summaryLibrary (40)            | 75 of 75 ✔
[-        ] librarygetGNPSAnnotations      -
[82/7713cc] networkingGNPSPrepParams (1)   | 1 of 1 ✔
[f6/18c970] calculatePairs (1)             | 1 of 1 ✔
[cf/ab0f40] filterNetwork (1)              | 1 of 1 ✔
[cc/5f56be] createMetadataFile             | 1 of 1 ✔
[8d/c13ff4] calculateGroupings (1)         | 1 of 1 ✔
[-        ] enrichClusterSummary           -
[-        ] createNetworkGraphML           -
[7d/0a43e5] createTallRawData (1)          | 1 of 1 ✔
[-        ] createMztabOutput              -

executor >  slurm (159)
[9d/d96933] filesummary (1)                | 1 of 1 ✔
[ad/2e6799] qua…tion_table_reformatted (1) | 1 of 1 ✔
[04/5554ee] filter_spectra (1)             | 1 of 1 ✔
[83/f728e3] librarySearchData (75)         | 67 of 75
[-        ] librarymergeResults            -
[ec/3d6cf3] summaryLibrary (40)            | 75 of 75 ✔
[-        ] librarygetGNPSAnnotations      -
[82/7713cc] networkingGNPSPrepParams (1)   | 1 of 1 ✔
[f6/18c970] calculatePairs (1)             | 1 of 1 ✔
[cf/ab0f40] filterNetwork (1)              | 1 of 1 ✔
[cc/5f56be] createMetadataFile             | 1 of 1 ✔
[8d/c13ff4] calculateGroupings (1)         | 1 of 1 ✔
[-        ] enrichClusterSummary           -
[-        ] createNetworkGraphML           -
[7d/0a43e5] createTallRawData (1)          | 1 of 1 ✔
[-        ] createMztabOutput              -

executor >  slurm (159)
[9d/d96933] filesummary (1)                | 1 of 1 ✔
[ad/2e6799] qua…tion_table_reformatted (1) | 1 of 1 ✔
[04/5554ee] filter_spectra (1)             | 1 of 1 ✔
[c1/374f72] librarySearchData (74)         | 70 of 75
[-        ] librarymergeResults            -
[ec/3d6cf3] summaryLibrary (40)            | 75 of 75 ✔
[-        ] librarygetGNPSAnnotations      -
[82/7713cc] networkingGNPSPrepParams (1)   | 1 of 1 ✔
[f6/18c970] calculatePairs (1)             | 1 of 1 ✔
[cf/ab0f40] filterNetwork (1)              | 1 of 1 ✔
[cc/5f56be] createMetadataFile             | 1 of 1 ✔
[8d/c13ff4] calculateGroupings (1)         | 1 of 1 ✔
[-        ] enrichClusterSummary           -
[-        ] createNetworkGraphML           -
[7d/0a43e5] createTallRawData (1)          | 1 of 1 ✔
[-        ] createMztabOutput              -

executor >  slurm (159)
[9d/d96933] filesummary (1)                | 1 of 1 ✔
[ad/2e6799] qua…tion_table_reformatted (1) | 1 of 1 ✔
[04/5554ee] filter_spectra (1)             | 1 of 1 ✔
[20/8d24b4] librarySearchData (19)         | 71 of 75
[-        ] librarymergeResults            -
[ec/3d6cf3] summaryLibrary (40)            | 75 of 75 ✔
[-        ] librarygetGNPSAnnotations      -
[82/7713cc] networkingGNPSPrepParams (1)   | 1 of 1 ✔
[f6/18c970] calculatePairs (1)             | 1 of 1 ✔
[cf/ab0f40] filterNetwork (1)              | 1 of 1 ✔
[cc/5f56be] createMetadataFile             | 1 of 1 ✔
[8d/c13ff4] calculateGroupings (1)         | 1 of 1 ✔
[-        ] enrichClusterSummary           -
[-        ] createNetworkGraphML           -
[7d/0a43e5] createTallRawData (1)          | 1 of 1 ✔
[-        ] createMztabOutput              -

executor >  slurm (159)
[9d/d96933] filesummary (1)                | 1 of 1 ✔
[ad/2e6799] qua…tion_table_reformatted (1) | 1 of 1 ✔
[04/5554ee] filter_spectra (1)             | 1 of 1 ✔
[f8/b8639d] librarySearchData (13)         | 72 of 75
[-        ] librarymergeResults            -
[ec/3d6cf3] summaryLibrary (40)            | 75 of 75 ✔
[-        ] librarygetGNPSAnnotations      -
[82/7713cc] networkingGNPSPrepParams (1)   | 1 of 1 ✔
[f6/18c970] calculatePairs (1)             | 1 of 1 ✔
[cf/ab0f40] filterNetwork (1)              | 1 of 1 ✔
[cc/5f56be] createMetadataFile             | 1 of 1 ✔
[8d/c13ff4] calculateGroupings (1)         | 1 of 1 ✔
[-        ] enrichClusterSummary           -
[-        ] createNetworkGraphML           -
[7d/0a43e5] createTallRawData (1)          | 1 of 1 ✔
[-        ] createMztabOutput              -

executor >  slurm (159)
[9d/d96933] filesummary (1)                | 1 of 1 ✔
[ad/2e6799] qua…tion_table_reformatted (1) | 1 of 1 ✔
[04/5554ee] filter_spectra (1)             | 1 of 1 ✔
[59/e22321] librarySearchData (21)         | 73 of 75
[-        ] librarymergeResults            -
[ec/3d6cf3] summaryLibrary (40)            | 75 of 75 ✔
[-        ] librarygetGNPSAnnotations      -
[82/7713cc] networkingGNPSPrepParams (1)   | 1 of 1 ✔
[f6/18c970] calculatePairs (1)             | 1 of 1 ✔
[cf/ab0f40] filterNetwork (1)              | 1 of 1 ✔
[cc/5f56be] createMetadataFile             | 1 of 1 ✔
[8d/c13ff4] calculateGroupings (1)         | 1 of 1 ✔
[-        ] enrichClusterSummary           -
[-        ] createNetworkGraphML           -
[7d/0a43e5] createTallRawData (1)          | 1 of 1 ✔
[-        ] createMztabOutput              -

executor >  slurm (159)
[9d/d96933] filesummary (1)                | 1 of 1 ✔
[ad/2e6799] qua…tion_table_reformatted (1) | 1 of 1 ✔
[04/5554ee] filter_spectra (1)             | 1 of 1 ✔
[ae/fec942] librarySearchData (65)         | 74 of 75
[-        ] librarymergeResults            -
[ec/3d6cf3] summaryLibrary (40)            | 75 of 75 ✔
[-        ] librarygetGNPSAnnotations      -
[82/7713cc] networkingGNPSPrepParams (1)   | 1 of 1 ✔
[f6/18c970] calculatePairs (1)             | 1 of 1 ✔
[cf/ab0f40] filterNetwork (1)              | 1 of 1 ✔
[cc/5f56be] createMetadataFile             | 1 of 1 ✔
[8d/c13ff4] calculateGroupings (1)         | 1 of 1 ✔
[-        ] enrichClusterSummary           -
[-        ] createNetworkGraphML           -
[7d/0a43e5] createTallRawData (1)          | 1 of 1 ✔
[-        ] createMztabOutput              -

executor >  slurm (160)
[9d/d96933] filesummary (1)                | 1 of 1 ✔
[ad/2e6799] qua…tion_table_reformatted (1) | 1 of 1 ✔
[04/5554ee] filter_spectra (1)             | 1 of 1 ✔
[db/eb7a46] librarySearchData (40)         | 75 of 75 ✔
[0d/7b824a] librarymergeResults            | 0 of 1
[ec/3d6cf3] summaryLibrary (40)            | 75 of 75 ✔
[-        ] librarygetGNPSAnnotations      -
[82/7713cc] networkingGNPSPrepParams (1)   | 1 of 1 ✔
[f6/18c970] calculatePairs (1)             | 1 of 1 ✔
[cf/ab0f40] filterNetwork (1)              | 1 of 1 ✔
[cc/5f56be] createMetadataFile             | 1 of 1 ✔
[8d/c13ff4] calculateGroupings (1)         | 1 of 1 ✔
[-        ] enrichClusterSummary           -
[-        ] createNetworkGraphML           -
[7d/0a43e5] createTallRawData (1)          | 1 of 1 ✔
[-        ] createMztabOutput              -

executor >  slurm (160)
[9d/d96933] filesummary (1)                | 1 of 1 ✔
[ad/2e6799] qua…tion_table_reformatted (1) | 1 of 1 ✔
[04/5554ee] filter_spectra (1)             | 1 of 1 ✔
[db/eb7a46] librarySearchData (40)         | 75 of 75 ✔
[0d/7b824a] librarymergeResults            | 0 of 1
[ec/3d6cf3] summaryLibrary (40)            | 75 of 75 ✔
[-        ] librarygetGNPSAnnotations      -
[82/7713cc] networkingGNPSPrepParams (1)   | 1 of 1 ✔
[f6/18c970] calculatePairs (1)             | 1 of 1 ✔
[cf/ab0f40] filterNetwork (1)              | 1 of 1 ✔
[cc/5f56be] createMetadataFile             | 1 of 1 ✔
[8d/c13ff4] calculateGroupings (1)         | 1 of 1 ✔
[-        ] enrichClusterSummary           -
[-        ] createNetworkGraphML           -
[7d/0a43e5] createTallRawData (1)          | 1 of 1 ✔
[-        ] createMztabOutput              -

executor >  slurm (161)
[9d/d96933] filesummary (1)                | 1 of 1 ✔
[ad/2e6799] qua…tion_table_reformatted (1) | 1 of 1 ✔
[04/5554ee] filter_spectra (1)             | 1 of 1 ✔
[db/eb7a46] librarySearchData (40)         | 75 of 75 ✔
[0d/7b824a] librarymergeResults            | 1 of 1 ✔
[ec/3d6cf3] summaryLibrary (40)            | 75 of 75 ✔
[49/5b2afb] librarygetGNPSAnnotations (1)  | 0 of 1
[82/7713cc] networkingGNPSPrepParams (1)   | 1 of 1 ✔
[f6/18c970] calculatePairs (1)             | 1 of 1 ✔
[cf/ab0f40] filterNetwork (1)              | 1 of 1 ✔
[cc/5f56be] createMetadataFile             | 1 of 1 ✔
[8d/c13ff4] calculateGroupings (1)         | 1 of 1 ✔
[-        ] enrichClusterSummary           -
[-        ] createNetworkGraphML           -
[7d/0a43e5] createTallRawData (1)          | 1 of 1 ✔
[-        ] createMztabOutput              -

executor >  slurm (161)
[9d/d96933] filesummary (1)                | 1 of 1 ✔
[ad/2e6799] qua…tion_table_reformatted (1) | 1 of 1 ✔
[04/5554ee] filter_spectra (1)             | 1 of 1 ✔
[db/eb7a46] librarySearchData (40)         | 75 of 75 ✔
[0d/7b824a] librarymergeResults            | 1 of 1 ✔
[ec/3d6cf3] summaryLibrary (40)            | 75 of 75 ✔
[49/5b2afb] librarygetGNPSAnnotations (1)  | 0 of 1
[82/7713cc] networkingGNPSPrepParams (1)   | 1 of 1 ✔
[f6/18c970] calculatePairs (1)             | 1 of 1 ✔
[cf/ab0f40] filterNetwork (1)              | 1 of 1 ✔
[cc/5f56be] createMetadataFile             | 1 of 1 ✔
[8d/c13ff4] calculateGroupings (1)         | 1 of 1 ✔
[-        ] enrichClusterSummary           -
[-        ] createNetworkGraphML           -
[7d/0a43e5] createTallRawData (1)          | 1 of 1 ✔
[-        ] createMztabOutput              -

executor >  slurm (162)
[9d/d96933] filesummary (1)                | 1 of 1 ✔
[ad/2e6799] qua…tion_table_reformatted (1) | 1 of 1 ✔
[04/5554ee] filter_spectra (1)             | 1 of 1 ✔
[db/eb7a46] librarySearchData (40)         | 75 of 75 ✔
[0d/7b824a] librarymergeResults            | 1 of 1 ✔
[ec/3d6cf3] summaryLibrary (40)            | 75 of 75 ✔
[49/5b2afb] librarygetGNPSAnnotations (1)  | 1 of 1 ✔
[82/7713cc] networkingGNPSPrepParams (1)   | 1 of 1 ✔
[f6/18c970] calculatePairs (1)             | 1 of 1 ✔
[cf/ab0f40] filterNetwork (1)              | 1 of 1 ✔
[cc/5f56be] createMetadataFile             | 1 of 1 ✔
[8d/c13ff4] calculateGroupings (1)         | 1 of 1 ✔
[e7/91cb33] enrichClusterSummary (1)       | 0 of 1
[-        ] createNetworkGraphML           -
[7d/0a43e5] createTallRawData (1)          | 1 of 1 ✔
[-        ] createMztabOutput              -

executor >  slurm (163)
[9d/d96933] filesummary (1)                | 1 of 1 ✔
[ad/2e6799] qua…tion_table_reformatted (1) | 1 of 1 ✔
[04/5554ee] filter_spectra (1)             | 1 of 1 ✔
[db/eb7a46] librarySearchData (40)         | 75 of 75 ✔
[0d/7b824a] librarymergeResults            | 1 of 1 ✔
[ec/3d6cf3] summaryLibrary (40)            | 75 of 75 ✔
[49/5b2afb] librarygetGNPSAnnotations (1)  | 1 of 1 ✔
[82/7713cc] networkingGNPSPrepParams (1)   | 1 of 1 ✔
[f6/18c970] calculatePairs (1)             | 1 of 1 ✔
[cf/ab0f40] filterNetwork (1)              | 1 of 1 ✔
[cc/5f56be] createMetadataFile             | 1 of 1 ✔
[8d/c13ff4] calculateGroupings (1)         | 1 of 1 ✔
[e7/91cb33] enrichClusterSummary (1)       | 1 of 1 ✔
[07/dd64ce] createNetworkGraphML (1)       | 0 of 1
[7d/0a43e5] createTallRawData (1)          | 1 of 1 ✔
[-        ] createMztabOutput              | 0 of 1

executor >  slurm (164)
[9d/d96933] filesummary (1)                | 1 of 1 ✔
[ad/2e6799] qua…tion_table_reformatted (1) | 1 of 1 ✔
[04/5554ee] filter_spectra (1)             | 1 of 1 ✔
[db/eb7a46] librarySearchData (40)         | 75 of 75 ✔
[0d/7b824a] librarymergeResults            | 1 of 1 ✔
[ec/3d6cf3] summaryLibrary (40)            | 75 of 75 ✔
[49/5b2afb] librarygetGNPSAnnotations (1)  | 1 of 1 ✔
[82/7713cc] networkingGNPSPrepParams (1)   | 1 of 1 ✔
[f6/18c970] calculatePairs (1)             | 1 of 1 ✔
[cf/ab0f40] filterNetwork (1)              | 1 of 1 ✔
[cc/5f56be] createMetadataFile             | 1 of 1 ✔
[8d/c13ff4] calculateGroupings (1)         | 1 of 1 ✔
[e7/91cb33] enrichClusterSummary (1)       | 1 of 1 ✔
[07/dd64ce] createNetworkGraphML (1)       | 0 of 1
[7d/0a43e5] createTallRawData (1)          | 1 of 1 ✔
[cc/c73400] createMztabOutput (1)          | 0 of 1

executor >  slurm (164)
[9d/d96933] filesummary (1)                | 1 of 1 ✔
[ad/2e6799] qua…tion_table_reformatted (1) | 1 of 1 ✔
[04/5554ee] filter_spectra (1)             | 1 of 1 ✔
[db/eb7a46] librarySearchData (40)         | 75 of 75 ✔
[0d/7b824a] librarymergeResults            | 1 of 1 ✔
[ec/3d6cf3] summaryLibrary (40)            | 75 of 75 ✔
[49/5b2afb] librarygetGNPSAnnotations (1)  | 1 of 1 ✔
[82/7713cc] networkingGNPSPrepParams (1)   | 1 of 1 ✔
[f6/18c970] calculatePairs (1)             | 1 of 1 ✔
[cf/ab0f40] filterNetwork (1)              | 1 of 1 ✔
[cc/5f56be] createMetadataFile             | 1 of 1 ✔
[8d/c13ff4] calculateGroupings (1)         | 1 of 1 ✔
[e7/91cb33] enrichClusterSummary (1)       | 1 of 1 ✔
[07/dd64ce] createNetworkGraphML (1)       | 1 of 1 ✔
[7d/0a43e5] createTallRawData (1)          | 1 of 1 ✔
[cc/c73400] createMztabOutput (1)          | 1 of 1 ✔

executor >  slurm (164)
[9d/d96933] filesummary (1)                | 1 of 1 ✔
[ad/2e6799] qua…tion_table_reformatted (1) | 1 of 1 ✔
[04/5554ee] filter_spectra (1)             | 1 of 1 ✔
[db/eb7a46] librarySearchData (40)         | 75 of 75 ✔
[0d/7b824a] librarymergeResults            | 1 of 1 ✔
[ec/3d6cf3] summaryLibrary (40)            | 75 of 75 ✔
[49/5b2afb] librarygetGNPSAnnotations (1)  | 1 of 1 ✔
[82/7713cc] networkingGNPSPrepParams (1)   | 1 of 1 ✔
[f6/18c970] calculatePairs (1)             | 1 of 1 ✔
[cf/ab0f40] filterNetwork (1)              | 1 of 1 ✔
[cc/5f56be] createMetadataFile             | 1 of 1 ✔
[8d/c13ff4] calculateGroupings (1)         | 1 of 1 ✔
[e7/91cb33] enrichClusterSummary (1)       | 1 of 1 ✔
[07/dd64ce] createNetworkGraphML (1)       | 1 of 1 ✔
[7d/0a43e5] createTallRawData (1)          | 1 of 1 ✔
[cc/c73400] createMztabOutput (1)          | 1 of 1 ✔
Completed at: 04-May-2026 13:09:12
Duration    : 6m 12s
CPU hours   : 0.4
Succeeded   : 164


