
 N E X T F L O W   ~  version 24.04.4

Launching `/app/workflows_user/feature_based_molecular_networking_workflow/nf_workflow.nf` [serene_kalman] DSL2 - revision: 4f081d111f

[-        ] filesummary                    -
[-        ] qua…fication_table_reformatted -
[-        ] filter_spectra                 -
[-        ] librarySearchData              -
[-        ] librarymergeResults            -
[-        ] summaryLibrary                 -

[-        ] filesummary                    -
[-        ] qua…fication_table_reformatted -
[-        ] filter_spectra                 -
[-        ] librarySearchData              -
[-        ] librarymergeResults            -
[-        ] summaryLibrary                 -
[-        ] librarygetGNPSAnnotations      -
[-        ] networkingGNPSPrepParams       -
[-        ] calculatePairs                 -
[-        ] filterNetwork                  -
[-        ] createMetadataFile             -
[-        ] calculateGroupings             -
[-        ] enrichClusterSummary           -
[-        ] createNetworkGraphML           -
[-        ] createTallRawData              -
[-        ] createMztabOutput              -

[-        ] filesummary                    | 0 of 1
[-        ] qua…fication_table_reformatted | 0 of 1
[-        ] filter_spectra                 -
[-        ] librarySearchData              -
[-        ] librarymergeResults            -
[-        ] summaryLibrary                 | 0 of 22
[-        ] librarygetGNPSAnnotations      -
[-        ] networkingGNPSPrepParams       -
[-        ] calculatePairs                 -
[-        ] filterNetwork                  -
[-        ] createMetadataFile             | 0 of 1
[-        ] calculateGroupings             -
[-        ] enrichClusterSummary           -
[-        ] createNetworkGraphML           -
[-        ] createTallRawData              -
[-        ] createMztabOutput              -

executor >  slurm (4)
[-        ] filesummary                    | 0 of 1
[bf/7bc020] qua…tion_table_reformatted (1) | 0 of 1
[-        ] filter_spectra                 -
[-        ] librarySearchData              -
[-        ] librarymergeResults            -
[68/4e4820] summaryLibrary (1)             | 0 of 75
[-        ] librarygetGNPSAnnotations      -
[-        ] networkingGNPSPrepParams       -
[-        ] calculatePairs                 -
[-        ] filterNetwork                  -
[-        ] createMetadataFile             | 0 of 1
[-        ] calculateGroupings             -
[-        ] enrichClusterSummary           -
[-        ] createNetworkGraphML           -
[-        ] createTallRawData              -
[-        ] createMztabOutput              -

executor >  slurm (12)
[-        ] filesummary                    | 0 of 1
[bf/7bc020] qua…tion_table_reformatted (1) | 0 of 1
[-        ] filter_spectra                 -
[-        ] librarySearchData              -
[-        ] librarymergeResults            -
[d5/48443f] summaryLibrary (11)            | 0 of 75
[-        ] librarygetGNPSAnnotations      -
[-        ] networkingGNPSPrepParams       -
[-        ] calculatePairs                 -
[-        ] filterNetwork                  -
[-        ] createMetadataFile             | 0 of 1
[-        ] calculateGroupings             -
[-        ] enrichClusterSummary           -
[-        ] createNetworkGraphML           -
[-        ] createTallRawData              -
[-        ] createMztabOutput              -

executor >  slurm (19)
[2a/d1483c] filesummary (1)                | 0 of 1
[bf/7bc020] qua…tion_table_reformatted (1) | 0 of 1
[-        ] filter_spectra                 -
[-        ] librarySearchData              -
[-        ] librarymergeResults            -
[17/a7f46d] summaryLibrary (2)             | 0 of 75
[-        ] librarygetGNPSAnnotations      -
[-        ] networkingGNPSPrepParams       -
[-        ] calculatePairs                 -
[-        ] filterNetwork                  -
[0b/5a0ef3] createMetadataFile             | 0 of 1
[-        ] calculateGroupings             -
[-        ] enrichClusterSummary           -
[-        ] createNetworkGraphML           -
[-        ] createTallRawData              -
[-        ] createMztabOutput              -

executor >  slurm (19)
[2a/d1483c] filesummary (1)                | 0 of 1
[bf/7bc020] qua…tion_table_reformatted (1) | 0 of 1
[-        ] filter_spectra                 -
[-        ] librarySearchData              -
[-        ] librarymergeResults            -
[17/a7f46d] summaryLibrary (2)             | 0 of 75
[-        ] librarygetGNPSAnnotations      -
[-        ] networkingGNPSPrepParams       -
[-        ] calculatePairs                 -
[-        ] filterNetwork                  -
[0b/5a0ef3] createMetadataFile             | 0 of 1
[-        ] calculateGroupings             -
[-        ] enrichClusterSummary           -
[-        ] createNetworkGraphML           -
[-        ] createTallRawData              -
[-        ] createMztabOutput              -

executor >  slurm (21)
[2a/d1483c] filesummary (1)                | 0 of 1
[bf/7bc020] qua…tion_table_reformatted (1) | 0 of 1
[-        ] filter_spectra                 -
[-        ] librarySearchData              -
[-        ] librarymergeResults            -
[9b/1525ab] summaryLibrary (6)             | 3 of 75
[-        ] librarygetGNPSAnnotations      -
[-        ] networkingGNPSPrepParams       -
[-        ] calculatePairs                 -
[-        ] filterNetwork                  -
[0b/5a0ef3] createMetadataFile             | 0 of 1
[-        ] calculateGroupings             -
[-        ] enrichClusterSummary           -
[-        ] createNetworkGraphML           -
[-        ] createTallRawData              -
[-        ] createMztabOutput              -

executor >  slurm (22)
[2a/d1483c] filesummary (1)                | 0 of 1
[bf/7bc020] qua…tion_table_reformatted (1) | 1 of 1 ✔
[-        ] filter_spectra                 | 0 of 1
[-        ] librarySearchData              -
[-        ] librarymergeResults            -
[30/9103b1] summaryLibrary (20)            | 3 of 75
[-        ] librarygetGNPSAnnotations      -
[-        ] networkingGNPSPrepParams       -
[-        ] calculatePairs                 -
[-        ] filterNetwork                  -
[0b/5a0ef3] createMetadataFile             | 0 of 1
[-        ] calculateGroupings             -
[-        ] enrichClusterSummary           -
[-        ] createNetworkGraphML           -
[-        ] createTallRawData              | 0 of 1
[-        ] createMztabOutput              -

executor >  slurm (24)
[2a/d1483c] filesummary (1)                | 0 of 1
[bf/7bc020] qua…tion_table_reformatted (1) | 1 of 1 ✔
[f2/e9abf9] filter_spectra (1)             | 0 of 1
[-        ] librarySearchData              -
[-        ] librarymergeResults            -
[30/9103b1] summaryLibrary (20)            | 3 of 75
[-        ] librarygetGNPSAnnotations      -
[-        ] networkingGNPSPrepParams       -
[-        ] calculatePairs                 -
[-        ] filterNetwork                  -
[0b/5a0ef3] createMetadataFile             | 0 of 1
[-        ] calculateGroupings             -
[-        ] enrichClusterSummary           -
[-        ] createNetworkGraphML           -
[08/022a27] createTallRawData (1)          | 0 of 1
[-        ] createMztabOutput              -

executor >  slurm (28)
[2a/d1483c] filesummary (1)                | 0 of 1
[bf/7bc020] qua…tion_table_reformatted (1) | 1 of 1 ✔
[f2/e9abf9] filter_spectra (1)             | 0 of 1
[-        ] librarySearchData              -
[-        ] librarymergeResults            -
[2b/14a861] summaryLibrary (24)            | 7 of 75
[-        ] librarygetGNPSAnnotations      -
[-        ] networkingGNPSPrepParams       -
[-        ] calculatePairs                 -
[-        ] filterNetwork                  -
[0b/5a0ef3] createMetadataFile             | 0 of 1
[-        ] calculateGroupings             -
[-        ] enrichClusterSummary           -
[-        ] createNetworkGraphML           -
[08/022a27] createTallRawData (1)          | 0 of 1
[-        ] createMztabOutput              -

executor >  slurm (31)
[2a/d1483c] filesummary (1)                | 0 of 1
[bf/7bc020] qua…tion_table_reformatted (1) | 1 of 1 ✔
[f2/e9abf9] filter_spectra (1)             | 0 of 1
[-        ] librarySearchData              -
[-        ] librarymergeResults            -
[b7/f3d9eb] summaryLibrary (26)            | 10 of 75
[-        ] librarygetGNPSAnnotations      -
[-        ] networkingGNPSPrepParams       -
[-        ] calculatePairs                 -
[-        ] filterNetwork                  -
[0b/5a0ef3] createMetadataFile             | 0 of 1
[-        ] calculateGroupings             -
[-        ] enrichClusterSummary           -
[-        ] createNetworkGraphML           -
[08/022a27] createTallRawData (1)          | 0 of 1
[-        ] createMztabOutput              -

executor >  slurm (33)
[2a/d1483c] filesummary (1)                | 1 of 1 ✔
[bf/7bc020] qua…tion_table_reformatted (1) | 1 of 1 ✔
[f2/e9abf9] filter_spectra (1)             | 0 of 1
[-        ] librarySearchData              -
[-        ] librarymergeResults            -
[a9/b4c01e] summaryLibrary (29)            | 16 of 75
[-        ] librarygetGNPSAnnotations      -
[-        ] networkingGNPSPrepParams       -
[-        ] calculatePairs                 -
[-        ] filterNetwork                  -
[0b/5a0ef3] createMetadataFile             | 0 of 1
[-        ] calculateGroupings             -
[-        ] enrichClusterSummary           -
[-        ] createNetworkGraphML           -
[08/022a27] createTallRawData (1)          | 0 of 1
[-        ] createMztabOutput              -

executor >  slurm (37)
[2a/d1483c] filesummary (1)                | 1 of 1 ✔
[bf/7bc020] qua…tion_table_reformatted (1) | 1 of 1 ✔
[f2/e9abf9] filter_spectra (1)             | 0 of 1
[-        ] librarySearchData              -
[-        ] librarymergeResults            -
[52/a2ae88] summaryLibrary (32)            | 16 of 75
[-        ] librarygetGNPSAnnotations      -
[-        ] networkingGNPSPrepParams       -
[-        ] calculatePairs                 -
[-        ] filterNetwork                  -
[0b/5a0ef3] createMetadataFile             | 0 of 1
[-        ] calculateGroupings             -
[-        ] enrichClusterSummary           -
[-        ] createNetworkGraphML           -
[08/022a27] createTallRawData (1)          | 0 of 1
[-        ] createMztabOutput              -

executor >  slurm (37)
[2a/d1483c] filesummary (1)                | 1 of 1 ✔
[bf/7bc020] qua…tion_table_reformatted (1) | 1 of 1 ✔
[f2/e9abf9] filter_spectra (1)             | 0 of 1
[-        ] librarySearchData              -
[-        ] librarymergeResults            -
[52/a2ae88] summaryLibrary (32)            | 16 of 75
[-        ] librarygetGNPSAnnotations      -
[-        ] networkingGNPSPrepParams       -
[-        ] calculatePairs                 -
[-        ] filterNetwork                  -
[0b/5a0ef3] createMetadataFile             | 1 of 1 ✔
[-        ] calculateGroupings             | 0 of 1
[-        ] enrichClusterSummary           -
[-        ] createNetworkGraphML           -
[08/022a27] createTallRawData (1)          | 0 of 1
[-        ] createMztabOutput              -

executor >  slurm (38)
[2a/d1483c] filesummary (1)                | 1 of 1 ✔
[bf/7bc020] qua…tion_table_reformatted (1) | 1 of 1 ✔
[f2/e9abf9] filter_spectra (1)             | 0 of 1
[-        ] librarySearchData              -
[-        ] librarymergeResults            -
[52/a2ae88] summaryLibrary (32)            | 16 of 75
[-        ] librarygetGNPSAnnotations      -
[-        ] networkingGNPSPrepParams       -
[-        ] calculatePairs                 -
[-        ] filterNetwork                  -
[0b/5a0ef3] createMetadataFile             | 1 of 1 ✔
[32/e90ce1] calculateGroupings (1)         | 0 of 1
[-        ] enrichClusterSummary           -
[-        ] createNetworkGraphML           -
[08/022a27] createTallRawData (1)          | 0 of 1
[-        ] createMztabOutput              -

executor >  slurm (38)
[2a/d1483c] filesummary (1)                | 1 of 1 ✔
[bf/7bc020] qua…tion_table_reformatted (1) | 1 of 1 ✔
[f2/e9abf9] filter_spectra (1)             | 0 of 1
[-        ] librarySearchData              -
[-        ] librarymergeResults            -
[52/a2ae88] summaryLibrary (32)            | 16 of 75
[-        ] librarygetGNPSAnnotations      -
[-        ] networkingGNPSPrepParams       -
[-        ] calculatePairs                 -
[-        ] filterNetwork                  -
[0b/5a0ef3] createMetadataFile             | 1 of 1 ✔
[32/e90ce1] calculateGroupings (1)         | 0 of 1
[-        ] enrichClusterSummary           -
[-        ] createNetworkGraphML           -
[08/022a27] createTallRawData (1)          | 0 of 1
[-        ] createMztabOutput              -

executor >  slurm (40)
[2a/d1483c] filesummary (1)                | 1 of 1 ✔
[bf/7bc020] qua…tion_table_reformatted (1) | 1 of 1 ✔
[f2/e9abf9] filter_spectra (1)             | 1 of 1 ✔
[-        ] librarySearchData              -
[-        ] librarymergeResults            -
[64/3d8dc4] summaryLibrary (35)            | 18 of 75
[-        ] librarygetGNPSAnnotations      -
[-        ] networkingGNPSPrepParams       | 0 of 1
[-        ] calculatePairs                 -
[-        ] filterNetwork                  -
[0b/5a0ef3] createMetadataFile             | 1 of 1 ✔
[32/e90ce1] calculateGroupings (1)         | 0 of 1
[-        ] enrichClusterSummary           -
[-        ] createNetworkGraphML           -
[08/022a27] createTallRawData (1)          | 1 of 1 ✔
[-        ] createMztabOutput              -

executor >  slurm (41)
[2a/d1483c] filesummary (1)                | 1 of 1 ✔
[bf/7bc020] qua…tion_table_reformatted (1) | 1 of 1 ✔
[f2/e9abf9] filter_spectra (1)             | 1 of 1 ✔
[-        ] librarySearchData              | 0 of 75
[-        ] librarymergeResults            -
[64/3d8dc4] summaryLibrary (35)            | 18 of 75
[-        ] librarygetGNPSAnnotations      -
[d9/7748a6] networkingGNPSPrepParams (1)   | 0 of 1
[-        ] calculatePairs                 -
[-        ] filterNetwork                  -
[0b/5a0ef3] createMetadataFile             | 1 of 1 ✔
[32/e90ce1] calculateGroupings (1)         | 0 of 1
[-        ] enrichClusterSummary           -
[-        ] createNetworkGraphML           -
[08/022a27] createTallRawData (1)          | 1 of 1 ✔
[-        ] createMztabOutput              -

executor >  slurm (48)
[2a/d1483c] filesummary (1)                | 1 of 1 ✔
[bf/7bc020] qua…tion_table_reformatted (1) | 1 of 1 ✔
[f2/e9abf9] filter_spectra (1)             | 1 of 1 ✔
[ed/8377db] librarySearchData (10)         | 0 of 75
[-        ] librarymergeResults            -
[64/3d8dc4] summaryLibrary (35)            | 18 of 75
[-        ] librarygetGNPSAnnotations      -
[d9/7748a6] networkingGNPSPrepParams (1)   | 0 of 1
[-        ] calculatePairs                 -
[-        ] filterNetwork                  -
[0b/5a0ef3] createMetadataFile             | 1 of 1 ✔
[32/e90ce1] calculateGroupings (1)         | 0 of 1
[-        ] enrichClusterSummary           -
[-        ] createNetworkGraphML           -
[08/022a27] createTallRawData (1)          | 1 of 1 ✔
[-        ] createMztabOutput              -

executor >  slurm (56)
[2a/d1483c] filesummary (1)                | 1 of 1 ✔
[bf/7bc020] qua…tion_table_reformatted (1) | 1 of 1 ✔
[f2/e9abf9] filter_spectra (1)             | 1 of 1 ✔
[8b/803bed] librarySearchData (14)         | 0 of 75
[-        ] librarymergeResults            -
[64/3d8dc4] summaryLibrary (35)            | 18 of 75
[-        ] librarygetGNPSAnnotations      -
[d9/7748a6] networkingGNPSPrepParams (1)   | 0 of 1
[-        ] calculatePairs                 -
[-        ] filterNetwork                  -
[0b/5a0ef3] createMetadataFile             | 1 of 1 ✔
[32/e90ce1] calculateGroupings (1)         | 0 of 1
[-        ] enrichClusterSummary           -
[-        ] createNetworkGraphML           -
[08/022a27] createTallRawData (1)          | 1 of 1 ✔
[-        ] createMztabOutput              -

executor >  slurm (57)
[2a/d1483c] filesummary (1)                | 1 of 1 ✔
[bf/7bc020] qua…tion_table_reformatted (1) | 1 of 1 ✔
[f2/e9abf9] filter_spectra (1)             | 1 of 1 ✔
[d8/2d11a2] librarySearchData (3)          | 0 of 75
[-        ] librarymergeResults            -
[64/3d8dc4] summaryLibrary (35)            | 18 of 75
[-        ] librarygetGNPSAnnotations      -
[d9/7748a6] networkingGNPSPrepParams (1)   | 0 of 1
[-        ] calculatePairs                 -
[-        ] filterNetwork                  -
[0b/5a0ef3] createMetadataFile             | 1 of 1 ✔
[32/e90ce1] calculateGroupings (1)         | 0 of 1
[-        ] enrichClusterSummary           -
[-        ] createNetworkGraphML           -
[08/022a27] createTallRawData (1)          | 1 of 1 ✔
[-        ] createMztabOutput              -

executor >  slurm (60)
[2a/d1483c] filesummary (1)                | 1 of 1 ✔
[bf/7bc020] qua…tion_table_reformatted (1) | 1 of 1 ✔
[f2/e9abf9] filter_spectra (1)             | 1 of 1 ✔
[d8/2d11a2] librarySearchData (3)          | 0 of 75
[-        ] librarymergeResults            -
[e6/f35756] summaryLibrary (36)            | 23 of 75
[-        ] librarygetGNPSAnnotations      -
[d9/7748a6] networkingGNPSPrepParams (1)   | 0 of 1
[-        ] calculatePairs                 -
[-        ] filterNetwork                  -
[0b/5a0ef3] createMetadataFile             | 1 of 1 ✔
[32/e90ce1] calculateGroupings (1)         | 0 of 1
[-        ] enrichClusterSummary           -
[-        ] createNetworkGraphML           -
[08/022a27] createTallRawData (1)          | 1 of 1 ✔
[-        ] createMztabOutput              -

executor >  slurm (62)
[2a/d1483c] filesummary (1)                | 1 of 1 ✔
[bf/7bc020] qua…tion_table_reformatted (1) | 1 of 1 ✔
[f2/e9abf9] filter_spectra (1)             | 1 of 1 ✔
[d8/2d11a2] librarySearchData (3)          | 0 of 75
[-        ] librarymergeResults            -
[55/6f3a9b] summaryLibrary (38)            | 23 of 75
[-        ] librarygetGNPSAnnotations      -
[d9/7748a6] networkingGNPSPrepParams (1)   | 0 of 1
[-        ] calculatePairs                 -
[-        ] filterNetwork                  -
[0b/5a0ef3] createMetadataFile             | 1 of 1 ✔
[32/e90ce1] calculateGroupings (1)         | 0 of 1
[-        ] enrichClusterSummary           -
[-        ] createNetworkGraphML           -
[08/022a27] createTallRawData (1)          | 1 of 1 ✔
[-        ] createMztabOutput              -

executor >  slurm (63)
[2a/d1483c] filesummary (1)                | 1 of 1 ✔
[bf/7bc020] qua…tion_table_reformatted (1) | 1 of 1 ✔
[f2/e9abf9] filter_spectra (1)             | 1 of 1 ✔
[d8/2d11a2] librarySearchData (3)          | 0 of 75
[-        ] librarymergeResults            -
[9f/827b44] summaryLibrary (51)            | 25 of 75
[-        ] librarygetGNPSAnnotations      -
[d9/7748a6] networkingGNPSPrepParams (1)   | 0 of 1
[-        ] calculatePairs                 -
[-        ] filterNetwork                  -
[0b/5a0ef3] createMetadataFile             | 1 of 1 ✔
[32/e90ce1] calculateGroupings (1)         | 0 of 1
[-        ] enrichClusterSummary           -
[-        ] createNetworkGraphML           -
[08/022a27] createTallRawData (1)          | 1 of 1 ✔
[-        ] createMztabOutput              -

executor >  slurm (64)
[2a/d1483c] filesummary (1)                | 1 of 1 ✔
[bf/7bc020] qua…tion_table_reformatted (1) | 1 of 1 ✔
[f2/e9abf9] filter_spectra (1)             | 1 of 1 ✔
[d8/2d11a2] librarySearchData (3)          | 0 of 75
[-        ] librarymergeResults            -
[3e/3fc933] summaryLibrary (41)            | 25 of 75
[-        ] librarygetGNPSAnnotations      -
[d9/7748a6] networkingGNPSPrepParams (1)   | 0 of 1
[-        ] calculatePairs                 -
[-        ] filterNetwork                  -
[0b/5a0ef3] createMetadataFile             | 1 of 1 ✔
[32/e90ce1] calculateGroupings (1)         | 0 of 1
[-        ] enrichClusterSummary           -
[-        ] createNetworkGraphML           -
[08/022a27] createTallRawData (1)          | 1 of 1 ✔
[-        ] createMztabOutput              -

executor >  slurm (69)
[2a/d1483c] filesummary (1)                | 1 of 1 ✔
[bf/7bc020] qua…tion_table_reformatted (1) | 1 of 1 ✔
[f2/e9abf9] filter_spectra (1)             | 1 of 1 ✔
[d8/2d11a2] librarySearchData (3)          | 0 of 75
[-        ] librarymergeResults            -
[b3/6b4ded] summaryLibrary (46)            | 30 of 75
[-        ] librarygetGNPSAnnotations      -
[d9/7748a6] networkingGNPSPrepParams (1)   | 0 of 1
[-        ] calculatePairs                 -
[-        ] filterNetwork                  -
[0b/5a0ef3] createMetadataFile             | 1 of 1 ✔
[32/e90ce1] calculateGroupings (1)         | 0 of 1
[-        ] enrichClusterSummary           -
[-        ] createNetworkGraphML           -
[08/022a27] createTallRawData (1)          | 1 of 1 ✔
[-        ] createMztabOutput              -

executor >  slurm (70)
[2a/d1483c] filesummary (1)                | 1 of 1 ✔
[bf/7bc020] qua…tion_table_reformatted (1) | 1 of 1 ✔
[f2/e9abf9] filter_spectra (1)             | 1 of 1 ✔
[d8/2d11a2] librarySearchData (3)          | 0 of 75
[-        ] librarymergeResults            -
[93/f6bf12] summaryLibrary (45)            | 31 of 75
[-        ] librarygetGNPSAnnotations      -
[d9/7748a6] networkingGNPSPrepParams (1)   | 0 of 1
[-        ] calculatePairs                 -
[-        ] filterNetwork                  -
[0b/5a0ef3] createMetadataFile             | 1 of 1 ✔
[32/e90ce1] calculateGroupings (1)         | 1 of 1 ✔
[-        ] enrichClusterSummary           -
[-        ] createNetworkGraphML           -
[08/022a27] createTallRawData (1)          | 1 of 1 ✔
[-        ] createMztabOutput              -

executor >  slurm (71)
[2a/d1483c] filesummary (1)                | 1 of 1 ✔
[bf/7bc020] qua…tion_table_reformatted (1) | 1 of 1 ✔
[f2/e9abf9] filter_spectra (1)             | 1 of 1 ✔
[d8/2d11a2] librarySearchData (3)          | 0 of 75
[-        ] librarymergeResults            -
[fe/74f1c3] summaryLibrary (47)            | 32 of 75
[-        ] librarygetGNPSAnnotations      -
[d9/7748a6] networkingGNPSPrepParams (1)   | 0 of 1
[-        ] calculatePairs                 -
[-        ] filterNetwork                  -
[0b/5a0ef3] createMetadataFile             | 1 of 1 ✔
[32/e90ce1] calculateGroupings (1)         | 1 of 1 ✔
[-        ] enrichClusterSummary           -
[-        ] createNetworkGraphML           -
[08/022a27] createTallRawData (1)          | 1 of 1 ✔
[-        ] createMztabOutput              -

executor >  slurm (72)
[2a/d1483c] filesummary (1)                | 1 of 1 ✔
[bf/7bc020] qua…tion_table_reformatted (1) | 1 of 1 ✔
[f2/e9abf9] filter_spectra (1)             | 1 of 1 ✔
[d8/2d11a2] librarySearchData (3)          | 0 of 75
[-        ] librarymergeResults            -
[c4/1e1761] summaryLibrary (48)            | 33 of 75
[-        ] librarygetGNPSAnnotations      -
[d9/7748a6] networkingGNPSPrepParams (1)   | 0 of 1
[-        ] calculatePairs                 -
[-        ] filterNetwork                  -
[0b/5a0ef3] createMetadataFile             | 1 of 1 ✔
[32/e90ce1] calculateGroupings (1)         | 1 of 1 ✔
[-        ] enrichClusterSummary           -
[-        ] createNetworkGraphML           -
[08/022a27] createTallRawData (1)          | 1 of 1 ✔
[-        ] createMztabOutput              -

executor >  slurm (75)
[2a/d1483c] filesummary (1)                | 1 of 1 ✔
[bf/7bc020] qua…tion_table_reformatted (1) | 1 of 1 ✔
[f2/e9abf9] filter_spectra (1)             | 1 of 1 ✔
[1b/bd0fad] librarySearchData (17)         | 1 of 75
[-        ] librarymergeResults            -
[a6/5e4d9c] summaryLibrary (49)            | 34 of 75
[-        ] librarygetGNPSAnnotations      -
[d9/7748a6] networkingGNPSPrepParams (1)   | 1 of 1 ✔
[f5/cab145] calculatePairs (1)             | 0 of 1
[-        ] filterNetwork                  -
[0b/5a0ef3] createMetadataFile             | 1 of 1 ✔
[32/e90ce1] calculateGroupings (1)         | 1 of 1 ✔
[-        ] enrichClusterSummary           -
[-        ] createNetworkGraphML           -
[08/022a27] createTallRawData (1)          | 1 of 1 ✔
[-        ] createMztabOutput              -

executor >  slurm (78)
[2a/d1483c] filesummary (1)                | 1 of 1 ✔
[bf/7bc020] qua…tion_table_reformatted (1) | 1 of 1 ✔
[f2/e9abf9] filter_spectra (1)             | 1 of 1 ✔
[cb/89311e] librarySearchData (21)         | 4 of 75
[-        ] librarymergeResults            -
[a6/5e4d9c] summaryLibrary (49)            | 34 of 75
[-        ] librarygetGNPSAnnotations      -
[d9/7748a6] networkingGNPSPrepParams (1)   | 1 of 1 ✔
[f5/cab145] calculatePairs (1)             | 0 of 1
[-        ] filterNetwork                  -
[0b/5a0ef3] createMetadataFile             | 1 of 1 ✔
[32/e90ce1] calculateGroupings (1)         | 1 of 1 ✔
[-        ] enrichClusterSummary           -
[-        ] createNetworkGraphML           -
[08/022a27] createTallRawData (1)          | 1 of 1 ✔
[-        ] createMztabOutput              -

executor >  slurm (81)
[2a/d1483c] filesummary (1)                | 1 of 1 ✔
[bf/7bc020] qua…tion_table_reformatted (1) | 1 of 1 ✔
[f2/e9abf9] filter_spectra (1)             | 1 of 1 ✔
[89/63feb8] librarySearchData (23)         | 7 of 75
[-        ] librarymergeResults            -
[a6/5e4d9c] summaryLibrary (49)            | 34 of 75
[-        ] librarygetGNPSAnnotations      -
[d9/7748a6] networkingGNPSPrepParams (1)   | 1 of 1 ✔
[f5/cab145] calculatePairs (1)             | 0 of 1
[-        ] filterNetwork                  -
[0b/5a0ef3] createMetadataFile             | 1 of 1 ✔
[32/e90ce1] calculateGroupings (1)         | 1 of 1 ✔
[-        ] enrichClusterSummary           -
[-        ] createNetworkGraphML           -
[08/022a27] createTallRawData (1)          | 1 of 1 ✔
[-        ] createMztabOutput              -

executor >  slurm (84)
[2a/d1483c] filesummary (1)                | 1 of 1 ✔
[bf/7bc020] qua…tion_table_reformatted (1) | 1 of 1 ✔
[f2/e9abf9] filter_spectra (1)             | 1 of 1 ✔
[ec/150f47] librarySearchData (25)         | 10 of 75
[-        ] librarymergeResults            -
[a6/5e4d9c] summaryLibrary (49)            | 34 of 75
[-        ] librarygetGNPSAnnotations      -
[d9/7748a6] networkingGNPSPrepParams (1)   | 1 of 1 ✔
[f5/cab145] calculatePairs (1)             | 0 of 1
[-        ] filterNetwork                  -
[0b/5a0ef3] createMetadataFile             | 1 of 1 ✔
[32/e90ce1] calculateGroupings (1)         | 1 of 1 ✔
[-        ] enrichClusterSummary           -
[-        ] createNetworkGraphML           -
[08/022a27] createTallRawData (1)          | 1 of 1 ✔
[-        ] createMztabOutput              -

executor >  slurm (84)
[2a/d1483c] filesummary (1)                | 1 of 1 ✔
[bf/7bc020] qua…tion_table_reformatted (1) | 1 of 1 ✔
[f2/e9abf9] filter_spectra (1)             | 1 of 1 ✔
[d8/2d11a2] librarySearchData (3)          | 14 of 75
[-        ] librarymergeResults            -
[a6/5e4d9c] summaryLibrary (49)            | 34 of 75
[-        ] librarygetGNPSAnnotations      -
[d9/7748a6] networkingGNPSPrepParams (1)   | 1 of 1 ✔
[f5/cab145] calculatePairs (1)             | 0 of 1
[-        ] filterNetwork                  -
[0b/5a0ef3] createMetadataFile             | 1 of 1 ✔
[32/e90ce1] calculateGroupings (1)         | 1 of 1 ✔
[-        ] enrichClusterSummary           -
[-        ] createNetworkGraphML           -
[08/022a27] createTallRawData (1)          | 1 of 1 ✔
[-        ] createMztabOutput              -

executor >  slurm (91)
[2a/d1483c] filesummary (1)                | 1 of 1 ✔
[bf/7bc020] qua…tion_table_reformatted (1) | 1 of 1 ✔
[f2/e9abf9] filter_spectra (1)             | 1 of 1 ✔
[97/8e7978] librarySearchData (29)         | 14 of 75
[-        ] librarymergeResults            -
[f3/d4bb95] summaryLibrary (53)            | 37 of 75
[-        ] librarygetGNPSAnnotations      -
[d9/7748a6] networkingGNPSPrepParams (1)   | 1 of 1 ✔
[f5/cab145] calculatePairs (1)             | 0 of 1
[-        ] filterNetwork                  -
[0b/5a0ef3] createMetadataFile             | 1 of 1 ✔
[32/e90ce1] calculateGroupings (1)         | 1 of 1 ✔
[-        ] enrichClusterSummary           -
[-        ] createNetworkGraphML           -
[08/022a27] createTallRawData (1)          | 1 of 1 ✔
[-        ] createMztabOutput              -

executor >  slurm (92)
[2a/d1483c] filesummary (1)                | 1 of 1 ✔
[bf/7bc020] qua…tion_table_reformatted (1) | 1 of 1 ✔
[f2/e9abf9] filter_spectra (1)             | 1 of 1 ✔
[dc/d890df] librarySearchData (31)         | 15 of 75
[-        ] librarymergeResults            -
[f6/650ec8] summaryLibrary (39)            | 42 of 75
[-        ] librarygetGNPSAnnotations      -
[d9/7748a6] networkingGNPSPrepParams (1)   | 1 of 1 ✔
[f5/cab145] calculatePairs (1)             | 0 of 1
[-        ] filterNetwork                  -
[0b/5a0ef3] createMetadataFile             | 1 of 1 ✔
[32/e90ce1] calculateGroupings (1)         | 1 of 1 ✔
[-        ] enrichClusterSummary           -
[-        ] createNetworkGraphML           -
[08/022a27] createTallRawData (1)          | 1 of 1 ✔
[-        ] createMztabOutput              -

executor >  slurm (97)
[2a/d1483c] filesummary (1)                | 1 of 1 ✔
[bf/7bc020] qua…tion_table_reformatted (1) | 1 of 1 ✔
[f2/e9abf9] filter_spectra (1)             | 1 of 1 ✔
[dc/d890df] librarySearchData (31)         | 15 of 75
[-        ] librarymergeResults            -
[67/4ba97a] summaryLibrary (59)            | 42 of 75
[-        ] librarygetGNPSAnnotations      -
[d9/7748a6] networkingGNPSPrepParams (1)   | 1 of 1 ✔
[f5/cab145] calculatePairs (1)             | 0 of 1
[-        ] filterNetwork                  -
[0b/5a0ef3] createMetadataFile             | 1 of 1 ✔
[32/e90ce1] calculateGroupings (1)         | 1 of 1 ✔
[-        ] enrichClusterSummary           -
[-        ] createNetworkGraphML           -
[08/022a27] createTallRawData (1)          | 1 of 1 ✔
[-        ] createMztabOutput              -

executor >  slurm (99)
[2a/d1483c] filesummary (1)                | 1 of 1 ✔
[bf/7bc020] qua…tion_table_reformatted (1) | 1 of 1 ✔
[f2/e9abf9] filter_spectra (1)             | 1 of 1 ✔
[dc/d890df] librarySearchData (31)         | 15 of 75
[-        ] librarymergeResults            -
[cb/e6701e] summaryLibrary (61)            | 46 of 75
[-        ] librarygetGNPSAnnotations      -
[d9/7748a6] networkingGNPSPrepParams (1)   | 1 of 1 ✔
[f5/cab145] calculatePairs (1)             | 0 of 1
[-        ] filterNetwork                  -
[0b/5a0ef3] createMetadataFile             | 1 of 1 ✔
[32/e90ce1] calculateGroupings (1)         | 1 of 1 ✔
[-        ] enrichClusterSummary           -
[-        ] createNetworkGraphML           -
[08/022a27] createTallRawData (1)          | 1 of 1 ✔
[-        ] createMztabOutput              -

executor >  slurm (101)
[2a/d1483c] filesummary (1)                | 1 of 1 ✔
[bf/7bc020] qua…tion_table_reformatted (1) | 1 of 1 ✔
[f2/e9abf9] filter_spectra (1)             | 1 of 1 ✔
[dc/d890df] librarySearchData (31)         | 15 of 75
[-        ] librarymergeResults            -
[bb/c83647] summaryLibrary (62)            | 46 of 75
[-        ] librarygetGNPSAnnotations      -
[d9/7748a6] networkingGNPSPrepParams (1)   | 1 of 1 ✔
[f5/cab145] calculatePairs (1)             | 0 of 1
[-        ] filterNetwork                  -
[0b/5a0ef3] createMetadataFile             | 1 of 1 ✔
[32/e90ce1] calculateGroupings (1)         | 1 of 1 ✔
[-        ] enrichClusterSummary           -
[-        ] createNetworkGraphML           -
[08/022a27] createTallRawData (1)          | 1 of 1 ✔
[-        ] createMztabOutput              -

executor >  slurm (102)
[2a/d1483c] filesummary (1)                | 1 of 1 ✔
[bf/7bc020] qua…tion_table_reformatted (1) | 1 of 1 ✔
[f2/e9abf9] filter_spectra (1)             | 1 of 1 ✔
[dc/d890df] librarySearchData (31)         | 15 of 75
[-        ] librarymergeResults            -
[fa/98e52d] summaryLibrary (60)            | 47 of 75
[-        ] librarygetGNPSAnnotations      -
[d9/7748a6] networkingGNPSPrepParams (1)   | 1 of 1 ✔
[f5/cab145] calculatePairs (1)             | 0 of 1
[-        ] filterNetwork                  -
[0b/5a0ef3] createMetadataFile             | 1 of 1 ✔
[32/e90ce1] calculateGroupings (1)         | 1 of 1 ✔
[-        ] enrichClusterSummary           -
[-        ] createNetworkGraphML           -
[08/022a27] createTallRawData (1)          | 1 of 1 ✔
[-        ] createMztabOutput              -

executor >  slurm (103)
[2a/d1483c] filesummary (1)                | 1 of 1 ✔
[bf/7bc020] qua…tion_table_reformatted (1) | 1 of 1 ✔
[f2/e9abf9] filter_spectra (1)             | 1 of 1 ✔
[dc/d890df] librarySearchData (31)         | 15 of 75
[-        ] librarymergeResults            -
[c1/377d2e] summaryLibrary (64)            | 48 of 75
[-        ] librarygetGNPSAnnotations      -
[d9/7748a6] networkingGNPSPrepParams (1)   | 1 of 1 ✔
[f5/cab145] calculatePairs (1)             | 0 of 1
[-        ] filterNetwork                  -
[0b/5a0ef3] createMetadataFile             | 1 of 1 ✔
[32/e90ce1] calculateGroupings (1)         | 1 of 1 ✔
[-        ] enrichClusterSummary           -
[-        ] createNetworkGraphML           -
[08/022a27] createTallRawData (1)          | 1 of 1 ✔
[-        ] createMztabOutput              -

executor >  slurm (104)
[2a/d1483c] filesummary (1)                | 1 of 1 ✔
[bf/7bc020] qua…tion_table_reformatted (1) | 1 of 1 ✔
[f2/e9abf9] filter_spectra (1)             | 1 of 1 ✔
[2b/c681ea] librarySearchData (33)         | 16 of 75
[-        ] librarymergeResults            -
[c1/377d2e] summaryLibrary (64)            | 48 of 75
[-        ] librarygetGNPSAnnotations      -
[d9/7748a6] networkingGNPSPrepParams (1)   | 1 of 1 ✔
[f5/cab145] calculatePairs (1)             | 0 of 1
[-        ] filterNetwork                  -
[0b/5a0ef3] createMetadataFile             | 1 of 1 ✔
[32/e90ce1] calculateGroupings (1)         | 1 of 1 ✔
[-        ] enrichClusterSummary           -
[-        ] createNetworkGraphML           -
[08/022a27] createTallRawData (1)          | 1 of 1 ✔
[-        ] createMztabOutput              -

executor >  slurm (105)
[2a/d1483c] filesummary (1)                | 1 of 1 ✔
[bf/7bc020] qua…tion_table_reformatted (1) | 1 of 1 ✔
[f2/e9abf9] filter_spectra (1)             | 1 of 1 ✔
[2b/c681ea] librarySearchData (33)         | 16 of 75
[-        ] librarymergeResults            -
[ab/c6c6d8] summaryLibrary (66)            | 49 of 75
[-        ] librarygetGNPSAnnotations      -
[d9/7748a6] networkingGNPSPrepParams (1)   | 1 of 1 ✔
[f5/cab145] calculatePairs (1)             | 0 of 1
[-        ] filterNetwork                  -
[0b/5a0ef3] createMetadataFile             | 1 of 1 ✔
[32/e90ce1] calculateGroupings (1)         | 1 of 1 ✔
[-        ] enrichClusterSummary           -
[-        ] createNetworkGraphML           -
[08/022a27] createTallRawData (1)          | 1 of 1 ✔
[-        ] createMztabOutput              -

executor >  slurm (108)
[2a/d1483c] filesummary (1)                | 1 of 1 ✔
[bf/7bc020] qua…tion_table_reformatted (1) | 1 of 1 ✔
[f2/e9abf9] filter_spectra (1)             | 1 of 1 ✔
[1c/da2758] librarySearchData (36)         | 19 of 75
[-        ] librarymergeResults            -
[ab/c6c6d8] summaryLibrary (66)            | 49 of 75
[-        ] librarygetGNPSAnnotations      -
[d9/7748a6] networkingGNPSPrepParams (1)   | 1 of 1 ✔
[f5/cab145] calculatePairs (1)             | 1 of 1 ✔
[-        ] filterNetwork                  | 0 of 1
[0b/5a0ef3] createMetadataFile             | 1 of 1 ✔
[32/e90ce1] calculateGroupings (1)         | 1 of 1 ✔
[-        ] enrichClusterSummary           -
[-        ] createNetworkGraphML           -
[08/022a27] createTallRawData (1)          | 1 of 1 ✔
[-        ] createMztabOutput              -

executor >  slurm (109)
[2a/d1483c] filesummary (1)                | 1 of 1 ✔
[bf/7bc020] qua…tion_table_reformatted (1) | 1 of 1 ✔
[f2/e9abf9] filter_spectra (1)             | 1 of 1 ✔
[1c/da2758] librarySearchData (36)         | 19 of 75
[-        ] librarymergeResults            -
[ab/c6c6d8] summaryLibrary (66)            | 49 of 75
[-        ] librarygetGNPSAnnotations      -
[d9/7748a6] networkingGNPSPrepParams (1)   | 1 of 1 ✔
[f5/cab145] calculatePairs (1)             | 1 of 1 ✔
[8e/cc80a4] filterNetwork (1)              | 0 of 1
[0b/5a0ef3] createMetadataFile             | 1 of 1 ✔
[32/e90ce1] calculateGroupings (1)         | 1 of 1 ✔
[-        ] enrichClusterSummary           -
[-        ] createNetworkGraphML           -
[08/022a27] createTallRawData (1)          | 1 of 1 ✔
[-        ] createMztabOutput              -

executor >  slurm (111)
[2a/d1483c] filesummary (1)                | 1 of 1 ✔
[bf/7bc020] qua…tion_table_reformatted (1) | 1 of 1 ✔
[f2/e9abf9] filter_spectra (1)             | 1 of 1 ✔
[f1/1c03d2] librarySearchData (35)         | 21 of 75
[-        ] librarymergeResults            -
[ab/c6c6d8] summaryLibrary (66)            | 49 of 75
[-        ] librarygetGNPSAnnotations      -
[d9/7748a6] networkingGNPSPrepParams (1)   | 1 of 1 ✔
[f5/cab145] calculatePairs (1)             | 1 of 1 ✔
[8e/cc80a4] filterNetwork (1)              | 0 of 1
[0b/5a0ef3] createMetadataFile             | 1 of 1 ✔
[32/e90ce1] calculateGroupings (1)         | 1 of 1 ✔
[-        ] enrichClusterSummary           -
[-        ] createNetworkGraphML           -
[08/022a27] createTallRawData (1)          | 1 of 1 ✔
[-        ] createMztabOutput              -

executor >  slurm (117)
[2a/d1483c] filesummary (1)                | 1 of 1 ✔
[bf/7bc020] qua…tion_table_reformatted (1) | 1 of 1 ✔
[f2/e9abf9] filter_spectra (1)             | 1 of 1 ✔
[cc/35fdb5] librarySearchData (43)         | 27 of 75
[-        ] librarymergeResults            -
[ab/c6c6d8] summaryLibrary (66)            | 49 of 75
[-        ] librarygetGNPSAnnotations      -
[d9/7748a6] networkingGNPSPrepParams (1)   | 1 of 1 ✔
[f5/cab145] calculatePairs (1)             | 1 of 1 ✔
[8e/cc80a4] filterNetwork (1)              | 0 of 1
[0b/5a0ef3] createMetadataFile             | 1 of 1 ✔
[32/e90ce1] calculateGroupings (1)         | 1 of 1 ✔
[-        ] enrichClusterSummary           -
[-        ] createNetworkGraphML           -
[08/022a27] createTallRawData (1)          | 1 of 1 ✔
[-        ] createMztabOutput              -

executor >  slurm (117)
[2a/d1483c] filesummary (1)                | 1 of 1 ✔
[bf/7bc020] qua…tion_table_reformatted (1) | 1 of 1 ✔
[f2/e9abf9] filter_spectra (1)             | 1 of 1 ✔
[cc/35fdb5] librarySearchData (43)         | 27 of 75
[-        ] librarymergeResults            -
[c4/1e1761] summaryLibrary (48)            | 50 of 75
[-        ] librarygetGNPSAnnotations      -
[d9/7748a6] networkingGNPSPrepParams (1)   | 1 of 1 ✔
[f5/cab145] calculatePairs (1)             | 1 of 1 ✔
[8e/cc80a4] filterNetwork (1)              | 0 of 1
[0b/5a0ef3] createMetadataFile             | 1 of 1 ✔
[32/e90ce1] calculateGroupings (1)         | 1 of 1 ✔
[-        ] enrichClusterSummary           -
[-        ] createNetworkGraphML           -
[08/022a27] createTallRawData (1)          | 1 of 1 ✔
[-        ] createMztabOutput              -

executor >  slurm (121)
[2a/d1483c] filesummary (1)                | 1 of 1 ✔
[bf/7bc020] qua…tion_table_reformatted (1) | 1 of 1 ✔
[f2/e9abf9] filter_spectra (1)             | 1 of 1 ✔
[cc/35fdb5] librarySearchData (43)         | 27 of 75
[-        ] librarymergeResults            -
[11/789069] summaryLibrary (69)            | 53 of 75
[-        ] librarygetGNPSAnnotations      -
[d9/7748a6] networkingGNPSPrepParams (1)   | 1 of 1 ✔
[f5/cab145] calculatePairs (1)             | 1 of 1 ✔
[8e/cc80a4] filterNetwork (1)              | 0 of 1
[0b/5a0ef3] createMetadataFile             | 1 of 1 ✔
[32/e90ce1] calculateGroupings (1)         | 1 of 1 ✔
[-        ] enrichClusterSummary           -
[-        ] createNetworkGraphML           -
[08/022a27] createTallRawData (1)          | 1 of 1 ✔
[-        ] createMztabOutput              -

executor >  slurm (122)
[2a/d1483c] filesummary (1)                | 1 of 1 ✔
[bf/7bc020] qua…tion_table_reformatted (1) | 1 of 1 ✔
[f2/e9abf9] filter_spectra (1)             | 1 of 1 ✔
[ad/95c856] librarySearchData (44)         | 29 of 75
[-        ] librarymergeResults            -
[0d/8eb174] summaryLibrary (57)            | 56 of 75
[-        ] librarygetGNPSAnnotations      -
[d9/7748a6] networkingGNPSPrepParams (1)   | 1 of 1 ✔
[f5/cab145] calculatePairs (1)             | 1 of 1 ✔
[8e/cc80a4] filterNetwork (1)              | 0 of 1
[0b/5a0ef3] createMetadataFile             | 1 of 1 ✔
[32/e90ce1] calculateGroupings (1)         | 1 of 1 ✔
[-        ] enrichClusterSummary           -
[-        ] createNetworkGraphML           -
[08/022a27] createTallRawData (1)          | 1 of 1 ✔
[-        ] createMztabOutput              -

executor >  slurm (126)
[2a/d1483c] filesummary (1)                | 1 of 1 ✔
[bf/7bc020] qua…tion_table_reformatted (1) | 1 of 1 ✔
[f2/e9abf9] filter_spectra (1)             | 1 of 1 ✔
[a7/f0498f] librarySearchData (46)         | 29 of 75
[-        ] librarymergeResults            -
[5f/7d4c12] summaryLibrary (72)            | 56 of 75
[-        ] librarygetGNPSAnnotations      -
[d9/7748a6] networkingGNPSPrepParams (1)   | 1 of 1 ✔
[f5/cab145] calculatePairs (1)             | 1 of 1 ✔
[8e/cc80a4] filterNetwork (1)              | 0 of 1
[0b/5a0ef3] createMetadataFile             | 1 of 1 ✔
[32/e90ce1] calculateGroupings (1)         | 1 of 1 ✔
[-        ] enrichClusterSummary           -
[-        ] createNetworkGraphML           -
[08/022a27] createTallRawData (1)          | 1 of 1 ✔
[-        ] createMztabOutput              -

executor >  slurm (127)
[2a/d1483c] filesummary (1)                | 1 of 1 ✔
[bf/7bc020] qua…tion_table_reformatted (1) | 1 of 1 ✔
[f2/e9abf9] filter_spectra (1)             | 1 of 1 ✔
[a7/f0498f] librarySearchData (46)         | 29 of 75
[-        ] librarymergeResults            -
[f2/096a97] summaryLibrary (73)            | 61 of 75
[-        ] librarygetGNPSAnnotations      -
[d9/7748a6] networkingGNPSPrepParams (1)   | 1 of 1 ✔
[f5/cab145] calculatePairs (1)             | 1 of 1 ✔
[8e/cc80a4] filterNetwork (1)              | 0 of 1
[0b/5a0ef3] createMetadataFile             | 1 of 1 ✔
[32/e90ce1] calculateGroupings (1)         | 1 of 1 ✔
[-        ] enrichClusterSummary           -
[-        ] createNetworkGraphML           -
[08/022a27] createTallRawData (1)          | 1 of 1 ✔
[-        ] createMztabOutput              -

executor >  slurm (129)
[2a/d1483c] filesummary (1)                | 1 of 1 ✔
[bf/7bc020] qua…tion_table_reformatted (1) | 1 of 1 ✔
[f2/e9abf9] filter_spectra (1)             | 1 of 1 ✔
[a7/f0498f] librarySearchData (46)         | 29 of 75
[-        ] librarymergeResults            -
[19/6dca8c] summaryLibrary (75)            | 61 of 75
[-        ] librarygetGNPSAnnotations      -
[d9/7748a6] networkingGNPSPrepParams (1)   | 1 of 1 ✔
[f5/cab145] calculatePairs (1)             | 1 of 1 ✔
[8e/cc80a4] filterNetwork (1)              | 0 of 1
[0b/5a0ef3] createMetadataFile             | 1 of 1 ✔
[32/e90ce1] calculateGroupings (1)         | 1 of 1 ✔
[-        ] enrichClusterSummary           -
[-        ] createNetworkGraphML           -
[08/022a27] createTallRawData (1)          | 1 of 1 ✔
[-        ] createMztabOutput              -

executor >  slurm (129)
[2a/d1483c] filesummary (1)                | 1 of 1 ✔
[bf/7bc020] qua…tion_table_reformatted (1) | 1 of 1 ✔
[f2/e9abf9] filter_spectra (1)             | 1 of 1 ✔
[a7/f0498f] librarySearchData (46)         | 29 of 75
[-        ] librarymergeResults            -
[fa/98e52d] summaryLibrary (60)            | 62 of 75
[-        ] librarygetGNPSAnnotations      -
[d9/7748a6] networkingGNPSPrepParams (1)   | 1 of 1 ✔
[f5/cab145] calculatePairs (1)             | 1 of 1 ✔
[8e/cc80a4] filterNetwork (1)              | 0 of 1
[0b/5a0ef3] createMetadataFile             | 1 of 1 ✔
[32/e90ce1] calculateGroupings (1)         | 1 of 1 ✔
[-        ] enrichClusterSummary           -
[-        ] createNetworkGraphML           -
[08/022a27] createTallRawData (1)          | 1 of 1 ✔
[-        ] createMztabOutput              -

executor >  slurm (130)
[2a/d1483c] filesummary (1)                | 1 of 1 ✔
[bf/7bc020] qua…tion_table_reformatted (1) | 1 of 1 ✔
[f2/e9abf9] filter_spectra (1)             | 1 of 1 ✔
[b7/939c74] librarySearchData (47)         | 30 of 75
[-        ] librarymergeResults            -
[c1/377d2e] summaryLibrary (64)            | 63 of 75
[-        ] librarygetGNPSAnnotations      -
[d9/7748a6] networkingGNPSPrepParams (1)   | 1 of 1 ✔
[f5/cab145] calculatePairs (1)             | 1 of 1 ✔
[8e/cc80a4] filterNetwork (1)              | 0 of 1
[0b/5a0ef3] createMetadataFile             | 1 of 1 ✔
[32/e90ce1] calculateGroupings (1)         | 1 of 1 ✔
[-        ] enrichClusterSummary           -
[-        ] createNetworkGraphML           -
[08/022a27] createTallRawData (1)          | 1 of 1 ✔
[-        ] createMztabOutput              -

executor >  slurm (130)
[2a/d1483c] filesummary (1)                | 1 of 1 ✔
[bf/7bc020] qua…tion_table_reformatted (1) | 1 of 1 ✔
[f2/e9abf9] filter_spectra (1)             | 1 of 1 ✔
[b7/939c74] librarySearchData (47)         | 30 of 75
[-        ] librarymergeResults            -
[4d/a3d699] summaryLibrary (63)            | 64 of 75
[-        ] librarygetGNPSAnnotations      -
[d9/7748a6] networkingGNPSPrepParams (1)   | 1 of 1 ✔
[f5/cab145] calculatePairs (1)             | 1 of 1 ✔
[8e/cc80a4] filterNetwork (1)              | 0 of 1
[0b/5a0ef3] createMetadataFile             | 1 of 1 ✔
[32/e90ce1] calculateGroupings (1)         | 1 of 1 ✔
[-        ] enrichClusterSummary           -
[-        ] createNetworkGraphML           -
[08/022a27] createTallRawData (1)          | 1 of 1 ✔
[-        ] createMztabOutput              -

executor >  slurm (131)
[2a/d1483c] filesummary (1)                | 1 of 1 ✔
[bf/7bc020] qua…tion_table_reformatted (1) | 1 of 1 ✔
[f2/e9abf9] filter_spectra (1)             | 1 of 1 ✔
[64/0d319f] librarySearchData (45)         | 31 of 75
[-        ] librarymergeResults            -
[4d/a3d699] summaryLibrary (63)            | 64 of 75
[-        ] librarygetGNPSAnnotations      -
[d9/7748a6] networkingGNPSPrepParams (1)   | 1 of 1 ✔
[f5/cab145] calculatePairs (1)             | 1 of 1 ✔
[8e/cc80a4] filterNetwork (1)              | 0 of 1
[0b/5a0ef3] createMetadataFile             | 1 of 1 ✔
[32/e90ce1] calculateGroupings (1)         | 1 of 1 ✔
[-        ] enrichClusterSummary           -
[-        ] createNetworkGraphML           -
[08/022a27] createTallRawData (1)          | 1 of 1 ✔
[-        ] createMztabOutput              -

executor >  slurm (132)
[2a/d1483c] filesummary (1)                | 1 of 1 ✔
[bf/7bc020] qua…tion_table_reformatted (1) | 1 of 1 ✔
[f2/e9abf9] filter_spectra (1)             | 1 of 1 ✔
[16/75274f] librarySearchData (48)         | 32 of 75
[-        ] librarymergeResults            -
[4d/a3d699] summaryLibrary (63)            | 64 of 75
[-        ] librarygetGNPSAnnotations      -
[d9/7748a6] networkingGNPSPrepParams (1)   | 1 of 1 ✔
[f5/cab145] calculatePairs (1)             | 1 of 1 ✔
[8e/cc80a4] filterNetwork (1)              | 0 of 1
[0b/5a0ef3] createMetadataFile             | 1 of 1 ✔
[32/e90ce1] calculateGroupings (1)         | 1 of 1 ✔
[-        ] enrichClusterSummary           -
[-        ] createNetworkGraphML           -
[08/022a27] createTallRawData (1)          | 1 of 1 ✔
[-        ] createMztabOutput              -

executor >  slurm (132)
[2a/d1483c] filesummary (1)                | 1 of 1 ✔
[bf/7bc020] qua…tion_table_reformatted (1) | 1 of 1 ✔
[f2/e9abf9] filter_spectra (1)             | 1 of 1 ✔
[16/75274f] librarySearchData (48)         | 32 of 75
[-        ] librarymergeResults            -
[4d/a3d699] summaryLibrary (63)            | 64 of 75
[-        ] librarygetGNPSAnnotations      -
[d9/7748a6] networkingGNPSPrepParams (1)   | 1 of 1 ✔
[f5/cab145] calculatePairs (1)             | 1 of 1 ✔
[8e/cc80a4] filterNetwork (1)              | 0 of 1
[0b/5a0ef3] createMetadataFile             | 1 of 1 ✔
[32/e90ce1] calculateGroupings (1)         | 1 of 1 ✔
[-        ] enrichClusterSummary           -
[-        ] createNetworkGraphML           -
[08/022a27] createTallRawData (1)          | 1 of 1 ✔
[-        ] createMztabOutput              -

executor >  slurm (132)
[2a/d1483c] filesummary (1)                | 1 of 1 ✔
[bf/7bc020] qua…tion_table_reformatted (1) | 1 of 1 ✔
[f2/e9abf9] filter_spectra (1)             | 1 of 1 ✔
[16/75274f] librarySearchData (48)         | 32 of 75
[-        ] librarymergeResults            -
[4d/a3d699] summaryLibrary (63)            | 64 of 75
[-        ] librarygetGNPSAnnotations      -
[d9/7748a6] networkingGNPSPrepParams (1)   | 1 of 1 ✔
[f5/cab145] calculatePairs (1)             | 1 of 1 ✔
[8e/cc80a4] filterNetwork (1)              | 0 of 1
[0b/5a0ef3] createMetadataFile             | 1 of 1 ✔
[32/e90ce1] calculateGroupings (1)         | 1 of 1 ✔
[-        ] enrichClusterSummary           -
[-        ] createNetworkGraphML           -
[08/022a27] createTallRawData (1)          | 1 of 1 ✔
[-        ] createMztabOutput              -

executor >  slurm (132)
[2a/d1483c] filesummary (1)                | 1 of 1 ✔
[bf/7bc020] qua…tion_table_reformatted (1) | 1 of 1 ✔
[f2/e9abf9] filter_spectra (1)             | 1 of 1 ✔
[16/75274f] librarySearchData (48)         | 32 of 75
[-        ] librarymergeResults            -
[ab/c6c6d8] summaryLibrary (66)            | 65 of 75
[-        ] librarygetGNPSAnnotations      -
[d9/7748a6] networkingGNPSPrepParams (1)   | 1 of 1 ✔
[f5/cab145] calculatePairs (1)             | 1 of 1 ✔
[8e/cc80a4] filterNetwork (1)              | 0 of 1
[0b/5a0ef3] createMetadataFile             | 1 of 1 ✔
[32/e90ce1] calculateGroupings (1)         | 1 of 1 ✔
[-        ] enrichClusterSummary           -
[-        ] createNetworkGraphML           -
[08/022a27] createTallRawData (1)          | 1 of 1 ✔
[-        ] createMztabOutput              -

executor >  slurm (132)
[2a/d1483c] filesummary (1)                | 1 of 1 ✔
[bf/7bc020] qua…tion_table_reformatted (1) | 1 of 1 ✔
[f2/e9abf9] filter_spectra (1)             | 1 of 1 ✔
[84/95497d] librarySearchData (30)         | 33 of 75
[-        ] librarymergeResults            -
[ab/c6c6d8] summaryLibrary (66)            | 65 of 75
[-        ] librarygetGNPSAnnotations      -
[d9/7748a6] networkingGNPSPrepParams (1)   | 1 of 1 ✔
[f5/cab145] calculatePairs (1)             | 1 of 1 ✔
[8e/cc80a4] filterNetwork (1)              | 0 of 1
[0b/5a0ef3] createMetadataFile             | 1 of 1 ✔
[32/e90ce1] calculateGroupings (1)         | 1 of 1 ✔
[-        ] enrichClusterSummary           -
[-        ] createNetworkGraphML           -
[08/022a27] createTallRawData (1)          | 1 of 1 ✔
[-        ] createMztabOutput              -

executor >  slurm (134)
[2a/d1483c] filesummary (1)                | 1 of 1 ✔
[bf/7bc020] qua…tion_table_reformatted (1) | 1 of 1 ✔
[f2/e9abf9] filter_spectra (1)             | 1 of 1 ✔
[3c/224842] librarySearchData (49)         | 37 of 75
[-        ] librarymergeResults            -
[ab/c6c6d8] summaryLibrary (66)            | 65 of 75
[-        ] librarygetGNPSAnnotations      -
[d9/7748a6] networkingGNPSPrepParams (1)   | 1 of 1 ✔
[f5/cab145] calculatePairs (1)             | 1 of 1 ✔
[8e/cc80a4] filterNetwork (1)              | 1 of 1 ✔
[0b/5a0ef3] createMetadataFile             | 1 of 1 ✔
[32/e90ce1] calculateGroupings (1)         | 1 of 1 ✔
[-        ] enrichClusterSummary           -
[-        ] createNetworkGraphML           -
[08/022a27] createTallRawData (1)          | 1 of 1 ✔
[-        ] createMztabOutput              -

executor >  slurm (136)
[2a/d1483c] filesummary (1)                | 1 of 1 ✔
[bf/7bc020] qua…tion_table_reformatted (1) | 1 of 1 ✔
[f2/e9abf9] filter_spectra (1)             | 1 of 1 ✔
[97/a76f88] librarySearchData (54)         | 37 of 75
[-        ] librarymergeResults            -
[ab/c6c6d8] summaryLibrary (66)            | 65 of 75
[-        ] librarygetGNPSAnnotations      -
[d9/7748a6] networkingGNPSPrepParams (1)   | 1 of 1 ✔
[f5/cab145] calculatePairs (1)             | 1 of 1 ✔
[8e/cc80a4] filterNetwork (1)              | 1 of 1 ✔
[0b/5a0ef3] createMetadataFile             | 1 of 1 ✔
[32/e90ce1] calculateGroupings (1)         | 1 of 1 ✔
[-        ] enrichClusterSummary           -
[-        ] createNetworkGraphML           -
[08/022a27] createTallRawData (1)          | 1 of 1 ✔
[-        ] createMztabOutput              -

executor >  slurm (137)
[2a/d1483c] filesummary (1)                | 1 of 1 ✔
[bf/7bc020] qua…tion_table_reformatted (1) | 1 of 1 ✔
[f2/e9abf9] filter_spectra (1)             | 1 of 1 ✔
[df/9af5c2] librarySearchData (53)         | 37 of 75
[-        ] librarymergeResults            -
[ab/c6c6d8] summaryLibrary (66)            | 65 of 75
[-        ] librarygetGNPSAnnotations      -
[d9/7748a6] networkingGNPSPrepParams (1)   | 1 of 1 ✔
[f5/cab145] calculatePairs (1)             | 1 of 1 ✔
[8e/cc80a4] filterNetwork (1)              | 1 of 1 ✔
[0b/5a0ef3] createMetadataFile             | 1 of 1 ✔
[32/e90ce1] calculateGroupings (1)         | 1 of 1 ✔
[-        ] enrichClusterSummary           -
[-        ] createNetworkGraphML           -
[08/022a27] createTallRawData (1)          | 1 of 1 ✔
[-        ] createMztabOutput              -

executor >  slurm (140)
[2a/d1483c] filesummary (1)                | 1 of 1 ✔
[bf/7bc020] qua…tion_table_reformatted (1) | 1 of 1 ✔
[f2/e9abf9] filter_spectra (1)             | 1 of 1 ✔
[6d/6cd5e4] librarySearchData (56)         | 40 of 75
[-        ] librarymergeResults            -
[e8/70765b] summaryLibrary (65)            | 66 of 75
[-        ] librarygetGNPSAnnotations      -
[d9/7748a6] networkingGNPSPrepParams (1)   | 1 of 1 ✔
[f5/cab145] calculatePairs (1)             | 1 of 1 ✔
[8e/cc80a4] filterNetwork (1)              | 1 of 1 ✔
[0b/5a0ef3] createMetadataFile             | 1 of 1 ✔
[32/e90ce1] calculateGroupings (1)         | 1 of 1 ✔
[-        ] enrichClusterSummary           -
[-        ] createNetworkGraphML           -
[08/022a27] createTallRawData (1)          | 1 of 1 ✔
[-        ] createMztabOutput              -

executor >  slurm (142)
[2a/d1483c] filesummary (1)                | 1 of 1 ✔
[bf/7bc020] qua…tion_table_reformatted (1) | 1 of 1 ✔
[f2/e9abf9] filter_spectra (1)             | 1 of 1 ✔
[df/617fa8] librarySearchData (58)         | 42 of 75
[-        ] librarymergeResults            -
[11/789069] summaryLibrary (69)            | 68 of 75
[-        ] librarygetGNPSAnnotations      -
[d9/7748a6] networkingGNPSPrepParams (1)   | 1 of 1 ✔
[f5/cab145] calculatePairs (1)             | 1 of 1 ✔
[8e/cc80a4] filterNetwork (1)              | 1 of 1 ✔
[0b/5a0ef3] createMetadataFile             | 1 of 1 ✔
[32/e90ce1] calculateGroupings (1)         | 1 of 1 ✔
[-        ] enrichClusterSummary           -
[-        ] createNetworkGraphML           -
[08/022a27] createTallRawData (1)          | 1 of 1 ✔
[-        ] createMztabOutput              -

executor >  slurm (143)
[2a/d1483c] filesummary (1)                | 1 of 1 ✔
[bf/7bc020] qua…tion_table_reformatted (1) | 1 of 1 ✔
[f2/e9abf9] filter_spectra (1)             | 1 of 1 ✔
[a9/72c3dd] librarySearchData (59)         | 43 of 75
[-        ] librarymergeResults            -
[5f/7d4c12] summaryLibrary (72)            | 71 of 75
[-        ] librarygetGNPSAnnotations      -
[d9/7748a6] networkingGNPSPrepParams (1)   | 1 of 1 ✔
[f5/cab145] calculatePairs (1)             | 1 of 1 ✔
[8e/cc80a4] filterNetwork (1)              | 1 of 1 ✔
[0b/5a0ef3] createMetadataFile             | 1 of 1 ✔
[32/e90ce1] calculateGroupings (1)         | 1 of 1 ✔
[-        ] enrichClusterSummary           -
[-        ] createNetworkGraphML           -
[08/022a27] createTallRawData (1)          | 1 of 1 ✔
[-        ] createMztabOutput              -

executor >  slurm (143)
[2a/d1483c] filesummary (1)                | 1 of 1 ✔
[bf/7bc020] qua…tion_table_reformatted (1) | 1 of 1 ✔
[f2/e9abf9] filter_spectra (1)             | 1 of 1 ✔
[a9/72c3dd] librarySearchData (59)         | 43 of 75
[-        ] librarymergeResults            -
[3e/645c9f] summaryLibrary (67)            | 72 of 75
[-        ] librarygetGNPSAnnotations      -
[d9/7748a6] networkingGNPSPrepParams (1)   | 1 of 1 ✔
[f5/cab145] calculatePairs (1)             | 1 of 1 ✔
[8e/cc80a4] filterNetwork (1)              | 1 of 1 ✔
[0b/5a0ef3] createMetadataFile             | 1 of 1 ✔
[32/e90ce1] calculateGroupings (1)         | 1 of 1 ✔
[-        ] enrichClusterSummary           -
[-        ] createNetworkGraphML           -
[08/022a27] createTallRawData (1)          | 1 of 1 ✔
[-        ] createMztabOutput              -

executor >  slurm (144)
[2a/d1483c] filesummary (1)                | 1 of 1 ✔
[bf/7bc020] qua…tion_table_reformatted (1) | 1 of 1 ✔
[f2/e9abf9] filter_spectra (1)             | 1 of 1 ✔
[d4/738362] librarySearchData (61)         | 44 of 75
[-        ] librarymergeResults            -
[3e/645c9f] summaryLibrary (67)            | 72 of 75
[-        ] librarygetGNPSAnnotations      -
[d9/7748a6] networkingGNPSPrepParams (1)   | 1 of 1 ✔
[f5/cab145] calculatePairs (1)             | 1 of 1 ✔
[8e/cc80a4] filterNetwork (1)              | 1 of 1 ✔
[0b/5a0ef3] createMetadataFile             | 1 of 1 ✔
[32/e90ce1] calculateGroupings (1)         | 1 of 1 ✔
[-        ] enrichClusterSummary           -
[-        ] createNetworkGraphML           -
[08/022a27] createTallRawData (1)          | 1 of 1 ✔
[-        ] createMztabOutput              -

executor >  slurm (144)
[2a/d1483c] filesummary (1)                | 1 of 1 ✔
[bf/7bc020] qua…tion_table_reformatted (1) | 1 of 1 ✔
[f2/e9abf9] filter_spectra (1)             | 1 of 1 ✔
[d4/738362] librarySearchData (61)         | 44 of 75
[-        ] librarymergeResults            -
[19/6dca8c] summaryLibrary (75)            | 74 of 75
[-        ] librarygetGNPSAnnotations      -
[d9/7748a6] networkingGNPSPrepParams (1)   | 1 of 1 ✔
[f5/cab145] calculatePairs (1)             | 1 of 1 ✔
[8e/cc80a4] filterNetwork (1)              | 1 of 1 ✔
[0b/5a0ef3] createMetadataFile             | 1 of 1 ✔
[32/e90ce1] calculateGroupings (1)         | 1 of 1 ✔
[-        ] enrichClusterSummary           -
[-        ] createNetworkGraphML           -
[08/022a27] createTallRawData (1)          | 1 of 1 ✔
[-        ] createMztabOutput              -

executor >  slurm (144)
[2a/d1483c] filesummary (1)                | 1 of 1 ✔
[bf/7bc020] qua…tion_table_reformatted (1) | 1 of 1 ✔
[f2/e9abf9] filter_spectra (1)             | 1 of 1 ✔
[d4/738362] librarySearchData (61)         | 44 of 75
[-        ] librarymergeResults            -
[19/6dca8c] summaryLibrary (75)            | 74 of 75
[-        ] librarygetGNPSAnnotations      -
[d9/7748a6] networkingGNPSPrepParams (1)   | 1 of 1 ✔
[f5/cab145] calculatePairs (1)             | 1 of 1 ✔
[8e/cc80a4] filterNetwork (1)              | 1 of 1 ✔
[0b/5a0ef3] createMetadataFile             | 1 of 1 ✔
[32/e90ce1] calculateGroupings (1)         | 1 of 1 ✔
[-        ] enrichClusterSummary           -
[-        ] createNetworkGraphML           -
[08/022a27] createTallRawData (1)          | 1 of 1 ✔
[-        ] createMztabOutput              -

executor >  slurm (145)
[2a/d1483c] filesummary (1)                | 1 of 1 ✔
[bf/7bc020] qua…tion_table_reformatted (1) | 1 of 1 ✔
[f2/e9abf9] filter_spectra (1)             | 1 of 1 ✔
[3f/87ecb3] librarySearchData (60)         | 45 of 75
[-        ] librarymergeResults            -
[da/6d2be8] summaryLibrary (74)            | 75 of 75 ✔
[-        ] librarygetGNPSAnnotations      -
[d9/7748a6] networkingGNPSPrepParams (1)   | 1 of 1 ✔
[f5/cab145] calculatePairs (1)             | 1 of 1 ✔
[8e/cc80a4] filterNetwork (1)              | 1 of 1 ✔
[0b/5a0ef3] createMetadataFile             | 1 of 1 ✔
[32/e90ce1] calculateGroupings (1)         | 1 of 1 ✔
[-        ] enrichClusterSummary           -
[-        ] createNetworkGraphML           -
[08/022a27] createTallRawData (1)          | 1 of 1 ✔
[-        ] createMztabOutput              -

executor >  slurm (146)
[2a/d1483c] filesummary (1)                | 1 of 1 ✔
[bf/7bc020] qua…tion_table_reformatted (1) | 1 of 1 ✔
[f2/e9abf9] filter_spectra (1)             | 1 of 1 ✔
[75/cbcd98] librarySearchData (62)         | 46 of 75
[-        ] librarymergeResults            -
[da/6d2be8] summaryLibrary (74)            | 75 of 75 ✔
[-        ] librarygetGNPSAnnotations      -
[d9/7748a6] networkingGNPSPrepParams (1)   | 1 of 1 ✔
[f5/cab145] calculatePairs (1)             | 1 of 1 ✔
[8e/cc80a4] filterNetwork (1)              | 1 of 1 ✔
[0b/5a0ef3] createMetadataFile             | 1 of 1 ✔
[32/e90ce1] calculateGroupings (1)         | 1 of 1 ✔
[-        ] enrichClusterSummary           -
[-        ] createNetworkGraphML           -
[08/022a27] createTallRawData (1)          | 1 of 1 ✔
[-        ] createMztabOutput              -

executor >  slurm (146)
[2a/d1483c] filesummary (1)                | 1 of 1 ✔
[bf/7bc020] qua…tion_table_reformatted (1) | 1 of 1 ✔
[f2/e9abf9] filter_spectra (1)             | 1 of 1 ✔
[75/cbcd98] librarySearchData (62)         | 46 of 75
[-        ] librarymergeResults            -
[da/6d2be8] summaryLibrary (74)            | 75 of 75 ✔
[-        ] librarygetGNPSAnnotations      -
[d9/7748a6] networkingGNPSPrepParams (1)   | 1 of 1 ✔
[f5/cab145] calculatePairs (1)             | 1 of 1 ✔
[8e/cc80a4] filterNetwork (1)              | 1 of 1 ✔
[0b/5a0ef3] createMetadataFile             | 1 of 1 ✔
[32/e90ce1] calculateGroupings (1)         | 1 of 1 ✔
[-        ] enrichClusterSummary           -
[-        ] createNetworkGraphML           -
[08/022a27] createTallRawData (1)          | 1 of 1 ✔
[-        ] createMztabOutput              -

executor >  slurm (147)
[2a/d1483c] filesummary (1)                | 1 of 1 ✔
[bf/7bc020] qua…tion_table_reformatted (1) | 1 of 1 ✔
[f2/e9abf9] filter_spectra (1)             | 1 of 1 ✔
[69/63df89] librarySearchData (63)         | 47 of 75
[-        ] librarymergeResults            -
[da/6d2be8] summaryLibrary (74)            | 75 of 75 ✔
[-        ] librarygetGNPSAnnotations      -
[d9/7748a6] networkingGNPSPrepParams (1)   | 1 of 1 ✔
[f5/cab145] calculatePairs (1)             | 1 of 1 ✔
[8e/cc80a4] filterNetwork (1)              | 1 of 1 ✔
[0b/5a0ef3] createMetadataFile             | 1 of 1 ✔
[32/e90ce1] calculateGroupings (1)         | 1 of 1 ✔
[-        ] enrichClusterSummary           -
[-        ] createNetworkGraphML           -
[08/022a27] createTallRawData (1)          | 1 of 1 ✔
[-        ] createMztabOutput              -

executor >  slurm (147)
[2a/d1483c] filesummary (1)                | 1 of 1 ✔
[bf/7bc020] qua…tion_table_reformatted (1) | 1 of 1 ✔
[f2/e9abf9] filter_spectra (1)             | 1 of 1 ✔
[69/63df89] librarySearchData (63)         | 47 of 75
[-        ] librarymergeResults            -
[da/6d2be8] summaryLibrary (74)            | 75 of 75 ✔
[-        ] librarygetGNPSAnnotations      -
[d9/7748a6] networkingGNPSPrepParams (1)   | 1 of 1 ✔
[f5/cab145] calculatePairs (1)             | 1 of 1 ✔
[8e/cc80a4] filterNetwork (1)              | 1 of 1 ✔
[0b/5a0ef3] createMetadataFile             | 1 of 1 ✔
[32/e90ce1] calculateGroupings (1)         | 1 of 1 ✔
[-        ] enrichClusterSummary           -
[-        ] createNetworkGraphML           -
[08/022a27] createTallRawData (1)          | 1 of 1 ✔
[-        ] createMztabOutput              -

executor >  slurm (148)
[2a/d1483c] filesummary (1)                | 1 of 1 ✔
[bf/7bc020] qua…tion_table_reformatted (1) | 1 of 1 ✔
[f2/e9abf9] filter_spectra (1)             | 1 of 1 ✔
[92/aab122] librarySearchData (65)         | 48 of 75
[-        ] librarymergeResults            -
[da/6d2be8] summaryLibrary (74)            | 75 of 75 ✔
[-        ] librarygetGNPSAnnotations      -
[d9/7748a6] networkingGNPSPrepParams (1)   | 1 of 1 ✔
[f5/cab145] calculatePairs (1)             | 1 of 1 ✔
[8e/cc80a4] filterNetwork (1)              | 1 of 1 ✔
[0b/5a0ef3] createMetadataFile             | 1 of 1 ✔
[32/e90ce1] calculateGroupings (1)         | 1 of 1 ✔
[-        ] enrichClusterSummary           -
[-        ] createNetworkGraphML           -
[08/022a27] createTallRawData (1)          | 1 of 1 ✔
[-        ] createMztabOutput              -

executor >  slurm (152)
[2a/d1483c] filesummary (1)                | 1 of 1 ✔
[bf/7bc020] qua…tion_table_reformatted (1) | 1 of 1 ✔
[f2/e9abf9] filter_spectra (1)             | 1 of 1 ✔
[a0/51d287] librarySearchData (67)         | 52 of 75
[-        ] librarymergeResults            -
[da/6d2be8] summaryLibrary (74)            | 75 of 75 ✔
[-        ] librarygetGNPSAnnotations      -
[d9/7748a6] networkingGNPSPrepParams (1)   | 1 of 1 ✔
[f5/cab145] calculatePairs (1)             | 1 of 1 ✔
[8e/cc80a4] filterNetwork (1)              | 1 of 1 ✔
[0b/5a0ef3] createMetadataFile             | 1 of 1 ✔
[32/e90ce1] calculateGroupings (1)         | 1 of 1 ✔
[-        ] enrichClusterSummary           -
[-        ] createNetworkGraphML           -
[08/022a27] createTallRawData (1)          | 1 of 1 ✔
[-        ] createMztabOutput              -

executor >  slurm (156)
[2a/d1483c] filesummary (1)                | 1 of 1 ✔
[bf/7bc020] qua…tion_table_reformatted (1) | 1 of 1 ✔
[f2/e9abf9] filter_spectra (1)             | 1 of 1 ✔
[24/2803c9] librarySearchData (72)         | 56 of 75
[-        ] librarymergeResults            -
[da/6d2be8] summaryLibrary (74)            | 75 of 75 ✔
[-        ] librarygetGNPSAnnotations      -
[d9/7748a6] networkingGNPSPrepParams (1)   | 1 of 1 ✔
[f5/cab145] calculatePairs (1)             | 1 of 1 ✔
[8e/cc80a4] filterNetwork (1)              | 1 of 1 ✔
[0b/5a0ef3] createMetadataFile             | 1 of 1 ✔
[32/e90ce1] calculateGroupings (1)         | 1 of 1 ✔
[-        ] enrichClusterSummary           -
[-        ] createNetworkGraphML           -
[08/022a27] createTallRawData (1)          | 1 of 1 ✔
[-        ] createMztabOutput              -

executor >  slurm (157)
[2a/d1483c] filesummary (1)                | 1 of 1 ✔
[bf/7bc020] qua…tion_table_reformatted (1) | 1 of 1 ✔
[f2/e9abf9] filter_spectra (1)             | 1 of 1 ✔
[16/f392cc] librarySearchData (75)         | 57 of 75
[-        ] librarymergeResults            -
[da/6d2be8] summaryLibrary (74)            | 75 of 75 ✔
[-        ] librarygetGNPSAnnotations      -
[d9/7748a6] networkingGNPSPrepParams (1)   | 1 of 1 ✔
[f5/cab145] calculatePairs (1)             | 1 of 1 ✔
[8e/cc80a4] filterNetwork (1)              | 1 of 1 ✔
[0b/5a0ef3] createMetadataFile             | 1 of 1 ✔
[32/e90ce1] calculateGroupings (1)         | 1 of 1 ✔
[-        ] enrichClusterSummary           -
[-        ] createNetworkGraphML           -
[08/022a27] createTallRawData (1)          | 1 of 1 ✔
[-        ] createMztabOutput              -

executor >  slurm (158)
[2a/d1483c] filesummary (1)                | 1 of 1 ✔
[bf/7bc020] qua…tion_table_reformatted (1) | 1 of 1 ✔
[f2/e9abf9] filter_spectra (1)             | 1 of 1 ✔
[87/c71cc8] librarySearchData (73)         | 58 of 75
[-        ] librarymergeResults            -
[da/6d2be8] summaryLibrary (74)            | 75 of 75 ✔
[-        ] librarygetGNPSAnnotations      -
[d9/7748a6] networkingGNPSPrepParams (1)   | 1 of 1 ✔
[f5/cab145] calculatePairs (1)             | 1 of 1 ✔
[8e/cc80a4] filterNetwork (1)              | 1 of 1 ✔
[0b/5a0ef3] createMetadataFile             | 1 of 1 ✔
[32/e90ce1] calculateGroupings (1)         | 1 of 1 ✔
[-        ] enrichClusterSummary           -
[-        ] createNetworkGraphML           -
[08/022a27] createTallRawData (1)          | 1 of 1 ✔
[-        ] createMztabOutput              -

executor >  slurm (159)
[2a/d1483c] filesummary (1)                | 1 of 1 ✔
[bf/7bc020] qua…tion_table_reformatted (1) | 1 of 1 ✔
[f2/e9abf9] filter_spectra (1)             | 1 of 1 ✔
[fe/c66cec] librarySearchData (74)         | 59 of 75
[-        ] librarymergeResults            -
[da/6d2be8] summaryLibrary (74)            | 75 of 75 ✔
[-        ] librarygetGNPSAnnotations      -
[d9/7748a6] networkingGNPSPrepParams (1)   | 1 of 1 ✔
[f5/cab145] calculatePairs (1)             | 1 of 1 ✔
[8e/cc80a4] filterNetwork (1)              | 1 of 1 ✔
[0b/5a0ef3] createMetadataFile             | 1 of 1 ✔
[32/e90ce1] calculateGroupings (1)         | 1 of 1 ✔
[-        ] enrichClusterSummary           -
[-        ] createNetworkGraphML           -
[08/022a27] createTallRawData (1)          | 1 of 1 ✔
[-        ] createMztabOutput              -

executor >  slurm (159)
[2a/d1483c] filesummary (1)                | 1 of 1 ✔
[bf/7bc020] qua…tion_table_reformatted (1) | 1 of 1 ✔
[f2/e9abf9] filter_spectra (1)             | 1 of 1 ✔
[75/cbcd98] librarySearchData (62)         | 60 of 75
[-        ] librarymergeResults            -
[da/6d2be8] summaryLibrary (74)            | 75 of 75 ✔
[-        ] librarygetGNPSAnnotations      -
[d9/7748a6] networkingGNPSPrepParams (1)   | 1 of 1 ✔
[f5/cab145] calculatePairs (1)             | 1 of 1 ✔
[8e/cc80a4] filterNetwork (1)              | 1 of 1 ✔
[0b/5a0ef3] createMetadataFile             | 1 of 1 ✔
[32/e90ce1] calculateGroupings (1)         | 1 of 1 ✔
[-        ] enrichClusterSummary           -
[-        ] createNetworkGraphML           -
[08/022a27] createTallRawData (1)          | 1 of 1 ✔
[-        ] createMztabOutput              -

executor >  slurm (159)
[2a/d1483c] filesummary (1)                | 1 of 1 ✔
[bf/7bc020] qua…tion_table_reformatted (1) | 1 of 1 ✔
[f2/e9abf9] filter_spectra (1)             | 1 of 1 ✔
[75/cbcd98] librarySearchData (62)         | 60 of 75
[-        ] librarymergeResults            -
[da/6d2be8] summaryLibrary (74)            | 75 of 75 ✔
[-        ] librarygetGNPSAnnotations      -
[d9/7748a6] networkingGNPSPrepParams (1)   | 1 of 1 ✔
[f5/cab145] calculatePairs (1)             | 1 of 1 ✔
[8e/cc80a4] filterNetwork (1)              | 1 of 1 ✔
[0b/5a0ef3] createMetadataFile             | 1 of 1 ✔
[32/e90ce1] calculateGroupings (1)         | 1 of 1 ✔
[-        ] enrichClusterSummary           -
[-        ] createNetworkGraphML           -
[08/022a27] createTallRawData (1)          | 1 of 1 ✔
[-        ] createMztabOutput              -

executor >  slurm (159)
[2a/d1483c] filesummary (1)                | 1 of 1 ✔
[bf/7bc020] qua…tion_table_reformatted (1) | 1 of 1 ✔
[f2/e9abf9] filter_spectra (1)             | 1 of 1 ✔
[16/75274f] librarySearchData (48)         | 61 of 75
[-        ] librarymergeResults            -
[da/6d2be8] summaryLibrary (74)            | 75 of 75 ✔
[-        ] librarygetGNPSAnnotations      -
[d9/7748a6] networkingGNPSPrepParams (1)   | 1 of 1 ✔
[f5/cab145] calculatePairs (1)             | 1 of 1 ✔
[8e/cc80a4] filterNetwork (1)              | 1 of 1 ✔
[0b/5a0ef3] createMetadataFile             | 1 of 1 ✔
[32/e90ce1] calculateGroupings (1)         | 1 of 1 ✔
[-        ] enrichClusterSummary           -
[-        ] createNetworkGraphML           -
[08/022a27] createTallRawData (1)          | 1 of 1 ✔
[-        ] createMztabOutput              -

executor >  slurm (159)
[2a/d1483c] filesummary (1)                | 1 of 1 ✔
[bf/7bc020] qua…tion_table_reformatted (1) | 1 of 1 ✔
[f2/e9abf9] filter_spectra (1)             | 1 of 1 ✔
[16/75274f] librarySearchData (48)         | 61 of 75
[-        ] librarymergeResults            -
[da/6d2be8] summaryLibrary (74)            | 75 of 75 ✔
[-        ] librarygetGNPSAnnotations      -
[d9/7748a6] networkingGNPSPrepParams (1)   | 1 of 1 ✔
[f5/cab145] calculatePairs (1)             | 1 of 1 ✔
[8e/cc80a4] filterNetwork (1)              | 1 of 1 ✔
[0b/5a0ef3] createMetadataFile             | 1 of 1 ✔
[32/e90ce1] calculateGroupings (1)         | 1 of 1 ✔
[-        ] enrichClusterSummary           -
[-        ] createNetworkGraphML           -
[08/022a27] createTallRawData (1)          | 1 of 1 ✔
[-        ] createMztabOutput              -

executor >  slurm (159)
[2a/d1483c] filesummary (1)                | 1 of 1 ✔
[bf/7bc020] qua…tion_table_reformatted (1) | 1 of 1 ✔
[f2/e9abf9] filter_spectra (1)             | 1 of 1 ✔
[24/2803c9] librarySearchData (72)         | 67 of 75
[-        ] librarymergeResults            -
[da/6d2be8] summaryLibrary (74)            | 75 of 75 ✔
[-        ] librarygetGNPSAnnotations      -
[d9/7748a6] networkingGNPSPrepParams (1)   | 1 of 1 ✔
[f5/cab145] calculatePairs (1)             | 1 of 1 ✔
[8e/cc80a4] filterNetwork (1)              | 1 of 1 ✔
[0b/5a0ef3] createMetadataFile             | 1 of 1 ✔
[32/e90ce1] calculateGroupings (1)         | 1 of 1 ✔
[-        ] enrichClusterSummary           -
[-        ] createNetworkGraphML           -
[08/022a27] createTallRawData (1)          | 1 of 1 ✔
[-        ] createMztabOutput              -

executor >  slurm (159)
[2a/d1483c] filesummary (1)                | 1 of 1 ✔
[bf/7bc020] qua…tion_table_reformatted (1) | 1 of 1 ✔
[f2/e9abf9] filter_spectra (1)             | 1 of 1 ✔
[16/f392cc] librarySearchData (75)         | 69 of 75
[-        ] librarymergeResults            -
[da/6d2be8] summaryLibrary (74)            | 75 of 75 ✔
[-        ] librarygetGNPSAnnotations      -
[d9/7748a6] networkingGNPSPrepParams (1)   | 1 of 1 ✔
[f5/cab145] calculatePairs (1)             | 1 of 1 ✔
[8e/cc80a4] filterNetwork (1)              | 1 of 1 ✔
[0b/5a0ef3] createMetadataFile             | 1 of 1 ✔
[32/e90ce1] calculateGroupings (1)         | 1 of 1 ✔
[-        ] enrichClusterSummary           -
[-        ] createNetworkGraphML           -
[08/022a27] createTallRawData (1)          | 1 of 1 ✔
[-        ] createMztabOutput              -

executor >  slurm (159)
[2a/d1483c] filesummary (1)                | 1 of 1 ✔
[bf/7bc020] qua…tion_table_reformatted (1) | 1 of 1 ✔
[f2/e9abf9] filter_spectra (1)             | 1 of 1 ✔
[43/d986fd] librarySearchData (64)         | 70 of 75
[-        ] librarymergeResults            -
[da/6d2be8] summaryLibrary (74)            | 75 of 75 ✔
[-        ] librarygetGNPSAnnotations      -
[d9/7748a6] networkingGNPSPrepParams (1)   | 1 of 1 ✔
[f5/cab145] calculatePairs (1)             | 1 of 1 ✔
[8e/cc80a4] filterNetwork (1)              | 1 of 1 ✔
[0b/5a0ef3] createMetadataFile             | 1 of 1 ✔
[32/e90ce1] calculateGroupings (1)         | 1 of 1 ✔
[-        ] enrichClusterSummary           -
[-        ] createNetworkGraphML           -
[08/022a27] createTallRawData (1)          | 1 of 1 ✔
[-        ] createMztabOutput              -

executor >  slurm (159)
[2a/d1483c] filesummary (1)                | 1 of 1 ✔
[bf/7bc020] qua…tion_table_reformatted (1) | 1 of 1 ✔
[f2/e9abf9] filter_spectra (1)             | 1 of 1 ✔
[87/c71cc8] librarySearchData (73)         | 72 of 75
[-        ] librarymergeResults            -
[da/6d2be8] summaryLibrary (74)            | 75 of 75 ✔
[-        ] librarygetGNPSAnnotations      -
[d9/7748a6] networkingGNPSPrepParams (1)   | 1 of 1 ✔
[f5/cab145] calculatePairs (1)             | 1 of 1 ✔
[8e/cc80a4] filterNetwork (1)              | 1 of 1 ✔
[0b/5a0ef3] createMetadataFile             | 1 of 1 ✔
[32/e90ce1] calculateGroupings (1)         | 1 of 1 ✔
[-        ] enrichClusterSummary           -
[-        ] createNetworkGraphML           -
[08/022a27] createTallRawData (1)          | 1 of 1 ✔
[-        ] createMztabOutput              -

executor >  slurm (159)
[2a/d1483c] filesummary (1)                | 1 of 1 ✔
[bf/7bc020] qua…tion_table_reformatted (1) | 1 of 1 ✔
[f2/e9abf9] filter_spectra (1)             | 1 of 1 ✔
[a0/51d287] librarySearchData (67)         | 73 of 75
[-        ] librarymergeResults            -
[da/6d2be8] summaryLibrary (74)            | 75 of 75 ✔
[-        ] librarygetGNPSAnnotations      -
[d9/7748a6] networkingGNPSPrepParams (1)   | 1 of 1 ✔
[f5/cab145] calculatePairs (1)             | 1 of 1 ✔
[8e/cc80a4] filterNetwork (1)              | 1 of 1 ✔
[0b/5a0ef3] createMetadataFile             | 1 of 1 ✔
[32/e90ce1] calculateGroupings (1)         | 1 of 1 ✔
[-        ] enrichClusterSummary           -
[-        ] createNetworkGraphML           -
[08/022a27] createTallRawData (1)          | 1 of 1 ✔
[-        ] createMztabOutput              -

executor >  slurm (159)
[2a/d1483c] filesummary (1)                | 1 of 1 ✔
[bf/7bc020] qua…tion_table_reformatted (1) | 1 of 1 ✔
[f2/e9abf9] filter_spectra (1)             | 1 of 1 ✔
[a0/51d287] librarySearchData (67)         | 73 of 75
[-        ] librarymergeResults            -
[da/6d2be8] summaryLibrary (74)            | 75 of 75 ✔
[-        ] librarygetGNPSAnnotations      -
[d9/7748a6] networkingGNPSPrepParams (1)   | 1 of 1 ✔
[f5/cab145] calculatePairs (1)             | 1 of 1 ✔
[8e/cc80a4] filterNetwork (1)              | 1 of 1 ✔
[0b/5a0ef3] createMetadataFile             | 1 of 1 ✔
[32/e90ce1] calculateGroupings (1)         | 1 of 1 ✔
[-        ] enrichClusterSummary           -
[-        ] createNetworkGraphML           -
[08/022a27] createTallRawData (1)          | 1 of 1 ✔
[-        ] createMztabOutput              -

executor >  slurm (159)
[2a/d1483c] filesummary (1)                | 1 of 1 ✔
[bf/7bc020] qua…tion_table_reformatted (1) | 1 of 1 ✔
[f2/e9abf9] filter_spectra (1)             | 1 of 1 ✔
[fe/c66cec] librarySearchData (74)         | 74 of 75
[-        ] librarymergeResults            -
[da/6d2be8] summaryLibrary (74)            | 75 of 75 ✔
[-        ] librarygetGNPSAnnotations      -
[d9/7748a6] networkingGNPSPrepParams (1)   | 1 of 1 ✔
[f5/cab145] calculatePairs (1)             | 1 of 1 ✔
[8e/cc80a4] filterNetwork (1)              | 1 of 1 ✔
[0b/5a0ef3] createMetadataFile             | 1 of 1 ✔
[32/e90ce1] calculateGroupings (1)         | 1 of 1 ✔
[-        ] enrichClusterSummary           -
[-        ] createNetworkGraphML           -
[08/022a27] createTallRawData (1)          | 1 of 1 ✔
[-        ] createMztabOutput              -

executor >  slurm (160)
[2a/d1483c] filesummary (1)                | 1 of 1 ✔
[bf/7bc020] qua…tion_table_reformatted (1) | 1 of 1 ✔
[f2/e9abf9] filter_spectra (1)             | 1 of 1 ✔
[69/63df89] librarySearchData (63)         | 75 of 75 ✔
[73/14da8c] librarymergeResults            | 0 of 1
[da/6d2be8] summaryLibrary (74)            | 75 of 75 ✔
[-        ] librarygetGNPSAnnotations      -
[d9/7748a6] networkingGNPSPrepParams (1)   | 1 of 1 ✔
[f5/cab145] calculatePairs (1)             | 1 of 1 ✔
[8e/cc80a4] filterNetwork (1)              | 1 of 1 ✔
[0b/5a0ef3] createMetadataFile             | 1 of 1 ✔
[32/e90ce1] calculateGroupings (1)         | 1 of 1 ✔
[-        ] enrichClusterSummary           -
[-        ] createNetworkGraphML           -
[08/022a27] createTallRawData (1)          | 1 of 1 ✔
[-        ] createMztabOutput              -

executor >  slurm (161)
[2a/d1483c] filesummary (1)                | 1 of 1 ✔
[bf/7bc020] qua…tion_table_reformatted (1) | 1 of 1 ✔
[f2/e9abf9] filter_spectra (1)             | 1 of 1 ✔
[69/63df89] librarySearchData (63)         | 75 of 75 ✔
[73/14da8c] librarymergeResults            | 1 of 1 ✔
[da/6d2be8] summaryLibrary (74)            | 75 of 75 ✔
[0e/c3ebdb] librarygetGNPSAnnotations (1)  | 0 of 1
[d9/7748a6] networkingGNPSPrepParams (1)   | 1 of 1 ✔
[f5/cab145] calculatePairs (1)             | 1 of 1 ✔
[8e/cc80a4] filterNetwork (1)              | 1 of 1 ✔
[0b/5a0ef3] createMetadataFile             | 1 of 1 ✔
[32/e90ce1] calculateGroupings (1)         | 1 of 1 ✔
[-        ] enrichClusterSummary           -
[-        ] createNetworkGraphML           -
[08/022a27] createTallRawData (1)          | 1 of 1 ✔
[-        ] createMztabOutput              -

executor >  slurm (161)
[2a/d1483c] filesummary (1)                | 1 of 1 ✔
[bf/7bc020] qua…tion_table_reformatted (1) | 1 of 1 ✔
[f2/e9abf9] filter_spectra (1)             | 1 of 1 ✔
[69/63df89] librarySearchData (63)         | 75 of 75 ✔
[73/14da8c] librarymergeResults            | 1 of 1 ✔
[da/6d2be8] summaryLibrary (74)            | 75 of 75 ✔
[0e/c3ebdb] librarygetGNPSAnnotations (1)  | 0 of 1
[d9/7748a6] networkingGNPSPrepParams (1)   | 1 of 1 ✔
[f5/cab145] calculatePairs (1)             | 1 of 1 ✔
[8e/cc80a4] filterNetwork (1)              | 1 of 1 ✔
[0b/5a0ef3] createMetadataFile             | 1 of 1 ✔
[32/e90ce1] calculateGroupings (1)         | 1 of 1 ✔
[-        ] enrichClusterSummary           -
[-        ] createNetworkGraphML           -
[08/022a27] createTallRawData (1)          | 1 of 1 ✔
[-        ] createMztabOutput              -

executor >  slurm (162)
[2a/d1483c] filesummary (1)                | 1 of 1 ✔
[bf/7bc020] qua…tion_table_reformatted (1) | 1 of 1 ✔
[f2/e9abf9] filter_spectra (1)             | 1 of 1 ✔
[69/63df89] librarySearchData (63)         | 75 of 75 ✔
[73/14da8c] librarymergeResults            | 1 of 1 ✔
[da/6d2be8] summaryLibrary (74)            | 75 of 75 ✔
[0e/c3ebdb] librarygetGNPSAnnotations (1)  | 1 of 1 ✔
[d9/7748a6] networkingGNPSPrepParams (1)   | 1 of 1 ✔
[f5/cab145] calculatePairs (1)             | 1 of 1 ✔
[8e/cc80a4] filterNetwork (1)              | 1 of 1 ✔
[0b/5a0ef3] createMetadataFile             | 1 of 1 ✔
[32/e90ce1] calculateGroupings (1)         | 1 of 1 ✔
[8f/182218] enrichClusterSummary (1)       | 0 of 1
[-        ] createNetworkGraphML           -
[08/022a27] createTallRawData (1)          | 1 of 1 ✔
[-        ] createMztabOutput              -

executor >  slurm (163)
[2a/d1483c] filesummary (1)                | 1 of 1 ✔
[bf/7bc020] qua…tion_table_reformatted (1) | 1 of 1 ✔
[f2/e9abf9] filter_spectra (1)             | 1 of 1 ✔
[69/63df89] librarySearchData (63)         | 75 of 75 ✔
[73/14da8c] librarymergeResults            | 1 of 1 ✔
[da/6d2be8] summaryLibrary (74)            | 75 of 75 ✔
[0e/c3ebdb] librarygetGNPSAnnotations (1)  | 1 of 1 ✔
[d9/7748a6] networkingGNPSPrepParams (1)   | 1 of 1 ✔
[f5/cab145] calculatePairs (1)             | 1 of 1 ✔
[8e/cc80a4] filterNetwork (1)              | 1 of 1 ✔
[0b/5a0ef3] createMetadataFile             | 1 of 1 ✔
[32/e90ce1] calculateGroupings (1)         | 1 of 1 ✔
[8f/182218] enrichClusterSummary (1)       | 1 of 1 ✔
[0a/2a153a] createNetworkGraphML (1)       | 0 of 1
[08/022a27] createTallRawData (1)          | 1 of 1 ✔
[-        ] createMztabOutput              | 0 of 1

executor >  slurm (164)
[2a/d1483c] filesummary (1)                | 1 of 1 ✔
[bf/7bc020] qua…tion_table_reformatted (1) | 1 of 1 ✔
[f2/e9abf9] filter_spectra (1)             | 1 of 1 ✔
[69/63df89] librarySearchData (63)         | 75 of 75 ✔
[73/14da8c] librarymergeResults            | 1 of 1 ✔
[da/6d2be8] summaryLibrary (74)            | 75 of 75 ✔
[0e/c3ebdb] librarygetGNPSAnnotations (1)  | 1 of 1 ✔
[d9/7748a6] networkingGNPSPrepParams (1)   | 1 of 1 ✔
[f5/cab145] calculatePairs (1)             | 1 of 1 ✔
[8e/cc80a4] filterNetwork (1)              | 1 of 1 ✔
[0b/5a0ef3] createMetadataFile             | 1 of 1 ✔
[32/e90ce1] calculateGroupings (1)         | 1 of 1 ✔
[8f/182218] enrichClusterSummary (1)       | 1 of 1 ✔
[0a/2a153a] createNetworkGraphML (1)       | 0 of 1
[08/022a27] createTallRawData (1)          | 1 of 1 ✔
[4d/3af764] createMztabOutput (1)          | 0 of 1

executor >  slurm (164)
[2a/d1483c] filesummary (1)                | 1 of 1 ✔
[bf/7bc020] qua…tion_table_reformatted (1) | 1 of 1 ✔
[f2/e9abf9] filter_spectra (1)             | 1 of 1 ✔
[69/63df89] librarySearchData (63)         | 75 of 75 ✔
[73/14da8c] librarymergeResults            | 1 of 1 ✔
[da/6d2be8] summaryLibrary (74)            | 75 of 75 ✔
[0e/c3ebdb] librarygetGNPSAnnotations (1)  | 1 of 1 ✔
[d9/7748a6] networkingGNPSPrepParams (1)   | 1 of 1 ✔
[f5/cab145] calculatePairs (1)             | 1 of 1 ✔
[8e/cc80a4] filterNetwork (1)              | 1 of 1 ✔
[0b/5a0ef3] createMetadataFile             | 1 of 1 ✔
[32/e90ce1] calculateGroupings (1)         | 1 of 1 ✔
[8f/182218] enrichClusterSummary (1)       | 1 of 1 ✔
[0a/2a153a] createNetworkGraphML (1)       | 0 of 1
[08/022a27] createTallRawData (1)          | 1 of 1 ✔
[4d/3af764] createMztabOutput (1)          | 0 of 1

executor >  slurm (164)
[2a/d1483c] filesummary (1)                | 1 of 1 ✔
[bf/7bc020] qua…tion_table_reformatted (1) | 1 of 1 ✔
[f2/e9abf9] filter_spectra (1)             | 1 of 1 ✔
[69/63df89] librarySearchData (63)         | 75 of 75 ✔
[73/14da8c] librarymergeResults            | 1 of 1 ✔
[da/6d2be8] summaryLibrary (74)            | 75 of 75 ✔
[0e/c3ebdb] librarygetGNPSAnnotations (1)  | 1 of 1 ✔
[d9/7748a6] networkingGNPSPrepParams (1)   | 1 of 1 ✔
[f5/cab145] calculatePairs (1)             | 1 of 1 ✔
[8e/cc80a4] filterNetwork (1)              | 1 of 1 ✔
[0b/5a0ef3] createMetadataFile             | 1 of 1 ✔
[32/e90ce1] calculateGroupings (1)         | 1 of 1 ✔
[8f/182218] enrichClusterSummary (1)       | 1 of 1 ✔
[0a/2a153a] createNetworkGraphML (1)       | 1 of 1 ✔
[08/022a27] createTallRawData (1)          | 1 of 1 ✔
[4d/3af764] createMztabOutput (1)          | 1 of 1 ✔

executor >  slurm (164)
[2a/d1483c] filesummary (1)                | 1 of 1 ✔
[bf/7bc020] qua…tion_table_reformatted (1) | 1 of 1 ✔
[f2/e9abf9] filter_spectra (1)             | 1 of 1 ✔
[69/63df89] librarySearchData (63)         | 75 of 75 ✔
[73/14da8c] librarymergeResults            | 1 of 1 ✔
[da/6d2be8] summaryLibrary (74)            | 75 of 75 ✔
[0e/c3ebdb] librarygetGNPSAnnotations (1)  | 1 of 1 ✔
[d9/7748a6] networkingGNPSPrepParams (1)   | 1 of 1 ✔
[f5/cab145] calculatePairs (1)             | 1 of 1 ✔
[8e/cc80a4] filterNetwork (1)              | 1 of 1 ✔
[0b/5a0ef3] createMetadataFile             | 1 of 1 ✔
[32/e90ce1] calculateGroupings (1)         | 1 of 1 ✔
[8f/182218] enrichClusterSummary (1)       | 1 of 1 ✔
[0a/2a153a] createNetworkGraphML (1)       | 1 of 1 ✔
[08/022a27] createTallRawData (1)          | 1 of 1 ✔
[4d/3af764] createMztabOutput (1)          | 1 of 1 ✔
Completed at: 05-May-2026 09:47:43
Duration    : 19m 47s
CPU hours   : 0.3
Succeeded   : 164


